<?xml version="1.0" encoding="UTF-8"?>
<testsuite xmlns:xsi="http://www.w3.org/2001/XMLSchema-instance" xsi:noNamespaceSchemaLocation="https://maven.apache.org/surefire/maven-surefire-plugin/xsd/surefire-test-report-3.0.xsd" version="3.0" name="com.epam.brest.summer.courses2019.model.CarTest" time="0.005" tests="2" errors="0" skipped="0" failures="0">
  <properties>
[...]
</properties>
  <testcase name="getCarId" classname="com.epam.brest.summer.courses2019.model.CarTest" time="0.001"/>
  <testcase name="getCarBrand" classname="com.epam.brest.summer.courses2019.model.CarTest" time="0"/>
</testsuite>