<?xml version="1.0" encoding="UTF-8"?>
<testsuite xmlns:xsi="http://www.w3.org/2001/XMLSchema-instance" xsi:noNamespaceSchemaLocation="https://maven.apache.org/surefire/maven-surefire-plugin/xsd/surefire-test-report-3.0.xsd" version="3.0" name="com.epam.brest.summer.courses2019.dao.RentalDaoJdbcImplTest" time="0.043" tests="6" errors="3" skipped="0" failures="0">
  <properties>
[...]
</properties>
  <testcase name="delete" classname="com.epam.brest.summer.courses2019.dao.RentalDaoJdbcImplTest" time="0.001">
    <error message="No value supplied for the SQL parameter &apos;rentalId&apos;: No value registered for key &apos;rentalId&apos;" type="org.springframework.dao.InvalidDataAccessApiUsageException">org.springframework.dao.InvalidDataAccessApiUsageException: No value supplied for the SQL parameter 'rentalId': No value registered for key 'rentalId'
	at com.epam.brest.summer.courses2019.dao.RentalDaoJdbcImplTest.delete(RentalDaoJdbcImplTest.java:74)
</error>
    <system-out><![CDATA[18:12:58.213 [main] DEBUG o.s.t.a.ProfileValueUtils - Retrieved @ProfileValueSourceConfiguration [null] for test class [com.epam.brest.summer.courses2019.dao.RentalDaoJdbcImplTest]
18:12:58.213 [main] DEBUG o.s.t.a.ProfileValueUtils - Retrieved ProfileValueSource type [class org.springframework.test.annotation.SystemProfileValueSource] for class [com.epam.brest.summer.courses2019.dao.RentalDaoJdbcImplTest]
18:12:58.213 [main] DEBUG o.s.t.a.ProfileValueUtils - Retrieved @ProfileValueSourceConfiguration [null] for test class [com.epam.brest.summer.courses2019.dao.RentalDaoJdbcImplTest]
18:12:58.213 [main] DEBUG o.s.t.a.ProfileValueUtils - Retrieved ProfileValueSource type [class org.springframework.test.annotation.SystemProfileValueSource] for class [com.epam.brest.summer.courses2019.dao.RentalDaoJdbcImplTest]
18:12:58.213 [main] DEBUG o.s.t.a.ProfileValueUtils - Retrieved @ProfileValueSourceConfiguration [null] for test class [com.epam.brest.summer.courses2019.dao.RentalDaoJdbcImplTest]
18:12:58.213 [main] DEBUG o.s.t.a.ProfileValueUtils - Retrieved ProfileValueSource type [class org.springframework.test.annotation.SystemProfileValueSource] for class [com.epam.brest.summer.courses2019.dao.RentalDaoJdbcImplTest]
18:12:58.214 [main] DEBUG o.s.t.c.s.AbstractDirtiesContextTestExecutionListener - Before test class: context [DefaultTestContext@62b92df8 testClass = RentalDaoJdbcImplTest, testInstance = [null], testMethod = [null], testException = [null], mergedContextConfiguration = [MergedContextConfiguration@2c227f74 testClass = RentalDaoJdbcImplTest, locations = '{classpath*:test-db.xml, classpath*:test-dao.xml}', classes = '{}', contextInitializerClasses = '[]', activeProfiles = '{}', propertySourceLocations = '{}', propertySourceProperties = '{}', contextCustomizers = set[[empty]], contextLoader = 'org.springframework.test.context.support.DelegatingSmartContextLoader', parent = [null]], attributes = map[[empty]]], class annotated with @DirtiesContext [false] with mode [null].
18:12:58.214 [main] DEBUG o.s.t.a.ProfileValueUtils - Retrieved @ProfileValueSourceConfiguration [null] for test class [com.epam.brest.summer.courses2019.dao.RentalDaoJdbcImplTest]
18:12:58.214 [main] DEBUG o.s.t.a.ProfileValueUtils - Retrieved ProfileValueSource type [class org.springframework.test.annotation.SystemProfileValueSource] for class [com.epam.brest.summer.courses2019.dao.RentalDaoJdbcImplTest]
18:12:58.214 [main] DEBUG o.s.t.c.s.DependencyInjectionTestExecutionListener - Performing dependency injection for test context [[DefaultTestContext@62b92df8 testClass = RentalDaoJdbcImplTest, testInstance = com.epam.brest.summer.courses2019.dao.RentalDaoJdbcImplTest@59e285e, testMethod = [null], testException = [null], mergedContextConfiguration = [MergedContextConfiguration@2c227f74 testClass = RentalDaoJdbcImplTest, locations = '{classpath*:test-db.xml, classpath*:test-dao.xml}', classes = '{}', contextInitializerClasses = '[]', activeProfiles = '{}', propertySourceLocations = '{}', propertySourceProperties = '{}', contextCustomizers = set[[empty]], contextLoader = 'org.springframework.test.context.support.DelegatingSmartContextLoader', parent = [null]], attributes = map[[empty]]]].
18:12:58.214 [main] DEBUG o.s.t.c.c.DefaultCacheAwareContextLoaderDelegate - Retrieved ApplicationContext from cache with key [[MergedContextConfiguration@2c227f74 testClass = RentalDaoJdbcImplTest, locations = '{classpath*:test-db.xml, classpath*:test-dao.xml}', classes = '{}', contextInitializerClasses = '[]', activeProfiles = '{}', propertySourceLocations = '{}', propertySourceProperties = '{}', contextCustomizers = set[[empty]], contextLoader = 'org.springframework.test.context.support.DelegatingSmartContextLoader', parent = [null]]]
18:12:58.214 [main] DEBUG o.s.t.c.cache - Spring test ApplicationContext cache statistics: [DefaultContextCache@290def7d size = 1, maxSize = 32, parentContextCount = 0, hitCount = 12, missCount = 1]
18:12:58.216 [main] DEBUG o.s.t.c.s.AbstractDirtiesContextTestExecutionListener - Before test method: context [DefaultTestContext@62b92df8 testClass = RentalDaoJdbcImplTest, testInstance = com.epam.brest.summer.courses2019.dao.RentalDaoJdbcImplTest@59e285e, testMethod = delete@RentalDaoJdbcImplTest, testException = [null], mergedContextConfiguration = [MergedContextConfiguration@2c227f74 testClass = RentalDaoJdbcImplTest, locations = '{classpath*:test-db.xml, classpath*:test-dao.xml}', classes = '{}', contextInitializerClasses = '[]', activeProfiles = '{}', propertySourceLocations = '{}', propertySourceProperties = '{}', contextCustomizers = set[[empty]], contextLoader = 'org.springframework.test.context.support.DelegatingSmartContextLoader', parent = [null]], attributes = map[[empty]]], class annotated with @DirtiesContext [false] with mode [null], method annotated with @DirtiesContext [false] with mode [null].
18:12:58.216 [main] DEBUG o.s.t.c.t.TransactionalTestExecutionListener - Explicit transaction definition [PROPAGATION_REQUIRED,ISOLATION_DEFAULT] found for test context [DefaultTestContext@62b92df8 testClass = RentalDaoJdbcImplTest, testInstance = com.epam.brest.summer.courses2019.dao.RentalDaoJdbcImplTest@59e285e, testMethod = delete@RentalDaoJdbcImplTest, testException = [null], mergedContextConfiguration = [MergedContextConfiguration@2c227f74 testClass = RentalDaoJdbcImplTest, locations = '{classpath*:test-db.xml, classpath*:test-dao.xml}', classes = '{}', contextInitializerClasses = '[]', activeProfiles = '{}', propertySourceLocations = '{}', propertySourceProperties = '{}', contextCustomizers = set[[empty]], contextLoader = 'org.springframework.test.context.support.DelegatingSmartContextLoader', parent = [null]], attributes = map[[empty]]]
18:12:58.216 [main] DEBUG o.s.t.c.c.DefaultCacheAwareContextLoaderDelegate - Retrieved ApplicationContext from cache with key [[MergedContextConfiguration@2c227f74 testClass = RentalDaoJdbcImplTest, locations = '{classpath*:test-db.xml, classpath*:test-dao.xml}', classes = '{}', contextInitializerClasses = '[]', activeProfiles = '{}', propertySourceLocations = '{}', propertySourceProperties = '{}', contextCustomizers = set[[empty]], contextLoader = 'org.springframework.test.context.support.DelegatingSmartContextLoader', parent = [null]]]
18:12:58.216 [main] DEBUG o.s.t.c.cache - Spring test ApplicationContext cache statistics: [DefaultContextCache@290def7d size = 1, maxSize = 32, parentContextCount = 0, hitCount = 13, missCount = 1]
18:12:58.217 [main] DEBUG o.s.t.c.t.TransactionalTestExecutionListener - Retrieved default @Rollback(true) for test class [com.epam.brest.summer.courses2019.dao.RentalDaoJdbcImplTest].
18:12:58.217 [main] DEBUG o.s.t.c.t.TransactionalTestExecutionListener - No method-level @Rollback override: using default rollback [true] for test context [DefaultTestContext@62b92df8 testClass = RentalDaoJdbcImplTest, testInstance = com.epam.brest.summer.courses2019.dao.RentalDaoJdbcImplTest@59e285e, testMethod = delete@RentalDaoJdbcImplTest, testException = [null], mergedContextConfiguration = [MergedContextConfiguration@2c227f74 testClass = RentalDaoJdbcImplTest, locations = '{classpath*:test-db.xml, classpath*:test-dao.xml}', classes = '{}', contextInitializerClasses = '[]', activeProfiles = '{}', propertySourceLocations = '{}', propertySourceProperties = '{}', contextCustomizers = set[[empty]], contextLoader = 'org.springframework.test.context.support.DelegatingSmartContextLoader', parent = [null]], attributes = map[[empty]]].
18:12:58.217 [main] DEBUG o.s.j.d.DataSourceTransactionManager - Creating new transaction with name [com.epam.brest.summer.courses2019.dao.RentalDaoJdbcImplTest.delete]: PROPAGATION_REQUIRED,ISOLATION_DEFAULT
18:12:58.217 [main] DEBUG o.s.j.d.DriverManagerDataSource - Creating new JDBC DriverManager Connection to [jdbc:h2:mem:test_db;MODE=MYSQL;DB_CLOSE_DELAY=-1]
18:12:58.218 [main] DEBUG o.s.j.d.DataSourceTransactionManager - Acquired Connection [conn7: url=jdbc:h2:mem:test_db user=SA] for JDBC transaction
18:12:58.218 [main] DEBUG o.s.j.d.DataSourceTransactionManager - Switching JDBC Connection [conn7: url=jdbc:h2:mem:test_db user=SA] to manual commit
18:12:58.219 [main] INFO  o.s.t.c.t.TransactionContext - Began transaction (1) for test context [DefaultTestContext@62b92df8 testClass = RentalDaoJdbcImplTest, testInstance = com.epam.brest.summer.courses2019.dao.RentalDaoJdbcImplTest@59e285e, testMethod = delete@RentalDaoJdbcImplTest, testException = [null], mergedContextConfiguration = [MergedContextConfiguration@2c227f74 testClass = RentalDaoJdbcImplTest, locations = '{classpath*:test-db.xml, classpath*:test-dao.xml}', classes = '{}', contextInitializerClasses = '[]', activeProfiles = '{}', propertySourceLocations = '{}', propertySourceProperties = '{}', contextCustomizers = set[[empty]], contextLoader = 'org.springframework.test.context.support.DelegatingSmartContextLoader', parent = [null]], attributes = map[[empty]]]; transaction manager [org.springframework.jdbc.datasource.DataSourceTransactionManager@2fc6e673]; rollback [true]
18:12:58.219 [main] DEBUG o.s.j.d.DataSourceTransactionManager - Initiating transaction rollback
18:12:58.219 [main] DEBUG o.s.j.d.DataSourceTransactionManager - Rolling back JDBC transaction on Connection [conn7: url=jdbc:h2:mem:test_db user=SA]
18:12:58.220 [main] DEBUG o.s.j.d.DataSourceTransactionManager - Releasing JDBC Connection [conn7: url=jdbc:h2:mem:test_db user=SA] after transaction
18:12:58.220 [main] INFO  o.s.t.c.t.TransactionContext - Rolled back transaction for test: [DefaultTestContext@62b92df8 testClass = RentalDaoJdbcImplTest, testInstance = com.epam.brest.summer.courses2019.dao.RentalDaoJdbcImplTest@59e285e, testMethod = delete@RentalDaoJdbcImplTest, testException = org.springframework.dao.InvalidDataAccessApiUsageException: No value supplied for the SQL parameter 'rentalId': No value registered for key 'rentalId', mergedContextConfiguration = [MergedContextConfiguration@2c227f74 testClass = RentalDaoJdbcImplTest, locations = '{classpath*:test-db.xml, classpath*:test-dao.xml}', classes = '{}', contextInitializerClasses = '[]', activeProfiles = '{}', propertySourceLocations = '{}', propertySourceProperties = '{}', contextCustomizers = set[[empty]], contextLoader = 'org.springframework.test.context.support.DelegatingSmartContextLoader', parent = [null]], attributes = map[[empty]]]
18:12:58.221 [main] DEBUG o.s.t.c.s.AbstractDirtiesContextTestExecutionListener - After test method: context [DefaultTestContext@62b92df8 testClass = RentalDaoJdbcImplTest, testInstance = com.epam.brest.summer.courses2019.dao.RentalDaoJdbcImplTest@59e285e, testMethod = delete@RentalDaoJdbcImplTest, testException = org.springframework.dao.InvalidDataAccessApiUsageException: No value supplied for the SQL parameter 'rentalId': No value registered for key 'rentalId', mergedContextConfiguration = [MergedContextConfiguration@2c227f74 testClass = RentalDaoJdbcImplTest, locations = '{classpath*:test-db.xml, classpath*:test-dao.xml}', classes = '{}', contextInitializerClasses = '[]', activeProfiles = '{}', propertySourceLocations = '{}', propertySourceProperties = '{}', contextCustomizers = set[[empty]], contextLoader = 'org.springframework.test.context.support.DelegatingSmartContextLoader', parent = [null]], attributes = map[[empty]]], class annotated with @DirtiesContext [false] with mode [null], method annotated with @DirtiesContext [false] with mode [null].
]]></system-out>
  </testcase>
  <testcase name="findAll" classname="com.epam.brest.summer.courses2019.dao.RentalDaoJdbcImplTest" time="0.007"/>
  <testcase name="update" classname="com.epam.brest.summer.courses2019.dao.RentalDaoJdbcImplTest" time="0.01">
    <error message="No value supplied for the SQL parameter &apos;rentalDays&apos;: Invalid property &apos;rentalDays&apos; of bean class [com.epam.brest.summer.courses2019.model.Rental]: Bean property &apos;rentalDays&apos; is not readable or has an invalid getter method: Does the return type of the getter match the parameter type of the setter?" type="org.springframework.dao.InvalidDataAccessApiUsageException">org.springframework.dao.InvalidDataAccessApiUsageException: No value supplied for the SQL parameter 'rentalDays': Invalid property 'rentalDays' of bean class [com.epam.brest.summer.courses2019.model.Rental]: Bean property 'rentalDays' is not readable or has an invalid getter method: Does the return type of the getter match the parameter type of the setter?
	at com.epam.brest.summer.courses2019.dao.RentalDaoJdbcImplTest.update(RentalDaoJdbcImplTest.java:64)
</error>
    <system-out><![CDATA[18:12:58.230 [main] DEBUG o.s.t.a.ProfileValueUtils - Retrieved @ProfileValueSourceConfiguration [null] for test class [com.epam.brest.summer.courses2019.dao.RentalDaoJdbcImplTest]
18:12:58.230 [main] DEBUG o.s.t.a.ProfileValueUtils - Retrieved ProfileValueSource type [class org.springframework.test.annotation.SystemProfileValueSource] for class [com.epam.brest.summer.courses2019.dao.RentalDaoJdbcImplTest]
18:12:58.230 [main] DEBUG o.s.t.c.s.DependencyInjectionTestExecutionListener - Performing dependency injection for test context [[DefaultTestContext@62b92df8 testClass = RentalDaoJdbcImplTest, testInstance = com.epam.brest.summer.courses2019.dao.RentalDaoJdbcImplTest@3a0f0552, testMethod = [null], testException = [null], mergedContextConfiguration = [MergedContextConfiguration@2c227f74 testClass = RentalDaoJdbcImplTest, locations = '{classpath*:test-db.xml, classpath*:test-dao.xml}', classes = '{}', contextInitializerClasses = '[]', activeProfiles = '{}', propertySourceLocations = '{}', propertySourceProperties = '{}', contextCustomizers = set[[empty]], contextLoader = 'org.springframework.test.context.support.DelegatingSmartContextLoader', parent = [null]], attributes = map[[empty]]]].
18:12:58.230 [main] DEBUG o.s.t.c.c.DefaultCacheAwareContextLoaderDelegate - Retrieved ApplicationContext from cache with key [[MergedContextConfiguration@2c227f74 testClass = RentalDaoJdbcImplTest, locations = '{classpath*:test-db.xml, classpath*:test-dao.xml}', classes = '{}', contextInitializerClasses = '[]', activeProfiles = '{}', propertySourceLocations = '{}', propertySourceProperties = '{}', contextCustomizers = set[[empty]], contextLoader = 'org.springframework.test.context.support.DelegatingSmartContextLoader', parent = [null]]]
18:12:58.230 [main] DEBUG o.s.t.c.cache - Spring test ApplicationContext cache statistics: [DefaultContextCache@290def7d size = 1, maxSize = 32, parentContextCount = 0, hitCount = 16, missCount = 1]
18:12:58.231 [main] DEBUG o.s.t.c.s.AbstractDirtiesContextTestExecutionListener - Before test method: context [DefaultTestContext@62b92df8 testClass = RentalDaoJdbcImplTest, testInstance = com.epam.brest.summer.courses2019.dao.RentalDaoJdbcImplTest@3a0f0552, testMethod = update@RentalDaoJdbcImplTest, testException = [null], mergedContextConfiguration = [MergedContextConfiguration@2c227f74 testClass = RentalDaoJdbcImplTest, locations = '{classpath*:test-db.xml, classpath*:test-dao.xml}', classes = '{}', contextInitializerClasses = '[]', activeProfiles = '{}', propertySourceLocations = '{}', propertySourceProperties = '{}', contextCustomizers = set[[empty]], contextLoader = 'org.springframework.test.context.support.DelegatingSmartContextLoader', parent = [null]], attributes = map[[empty]]], class annotated with @DirtiesContext [false] with mode [null], method annotated with @DirtiesContext [false] with mode [null].
18:12:58.232 [main] DEBUG o.s.t.c.t.TransactionalTestExecutionListener - Explicit transaction definition [PROPAGATION_REQUIRED,ISOLATION_DEFAULT] found for test context [DefaultTestContext@62b92df8 testClass = RentalDaoJdbcImplTest, testInstance = com.epam.brest.summer.courses2019.dao.RentalDaoJdbcImplTest@3a0f0552, testMethod = update@RentalDaoJdbcImplTest, testException = [null], mergedContextConfiguration = [MergedContextConfiguration@2c227f74 testClass = RentalDaoJdbcImplTest, locations = '{classpath*:test-db.xml, classpath*:test-dao.xml}', classes = '{}', contextInitializerClasses = '[]', activeProfiles = '{}', propertySourceLocations = '{}', propertySourceProperties = '{}', contextCustomizers = set[[empty]], contextLoader = 'org.springframework.test.context.support.DelegatingSmartContextLoader', parent = [null]], attributes = map[[empty]]]
18:12:58.232 [main] DEBUG o.s.t.c.c.DefaultCacheAwareContextLoaderDelegate - Retrieved ApplicationContext from cache with key [[MergedContextConfiguration@2c227f74 testClass = RentalDaoJdbcImplTest, locations = '{classpath*:test-db.xml, classpath*:test-dao.xml}', classes = '{}', contextInitializerClasses = '[]', activeProfiles = '{}', propertySourceLocations = '{}', propertySourceProperties = '{}', contextCustomizers = set[[empty]], contextLoader = 'org.springframework.test.context.support.DelegatingSmartContextLoader', parent = [null]]]
18:12:58.232 [main] DEBUG o.s.t.c.cache - Spring test ApplicationContext cache statistics: [DefaultContextCache@290def7d size = 1, maxSize = 32, parentContextCount = 0, hitCount = 17, missCount = 1]
18:12:58.232 [main] DEBUG o.s.t.c.t.TransactionalTestExecutionListener - Retrieved default @Rollback(true) for test class [com.epam.brest.summer.courses2019.dao.RentalDaoJdbcImplTest].
18:12:58.232 [main] DEBUG o.s.t.c.t.TransactionalTestExecutionListener - No method-level @Rollback override: using default rollback [true] for test context [DefaultTestContext@62b92df8 testClass = RentalDaoJdbcImplTest, testInstance = com.epam.brest.summer.courses2019.dao.RentalDaoJdbcImplTest@3a0f0552, testMethod = update@RentalDaoJdbcImplTest, testException = [null], mergedContextConfiguration = [MergedContextConfiguration@2c227f74 testClass = RentalDaoJdbcImplTest, locations = '{classpath*:test-db.xml, classpath*:test-dao.xml}', classes = '{}', contextInitializerClasses = '[]', activeProfiles = '{}', propertySourceLocations = '{}', propertySourceProperties = '{}', contextCustomizers = set[[empty]], contextLoader = 'org.springframework.test.context.support.DelegatingSmartContextLoader', parent = [null]], attributes = map[[empty]]].
18:12:58.233 [main] DEBUG o.s.j.d.DataSourceTransactionManager - Creating new transaction with name [com.epam.brest.summer.courses2019.dao.RentalDaoJdbcImplTest.update]: PROPAGATION_REQUIRED,ISOLATION_DEFAULT
18:12:58.233 [main] DEBUG o.s.j.d.DriverManagerDataSource - Creating new JDBC DriverManager Connection to [jdbc:h2:mem:test_db;MODE=MYSQL;DB_CLOSE_DELAY=-1]
18:12:58.233 [main] DEBUG o.s.j.d.DataSourceTransactionManager - Acquired Connection [conn9: url=jdbc:h2:mem:test_db user=SA] for JDBC transaction
18:12:58.233 [main] DEBUG o.s.j.d.DataSourceTransactionManager - Switching JDBC Connection [conn9: url=jdbc:h2:mem:test_db user=SA] to manual commit
18:12:58.234 [main] INFO  o.s.t.c.t.TransactionContext - Began transaction (1) for test context [DefaultTestContext@62b92df8 testClass = RentalDaoJdbcImplTest, testInstance = com.epam.brest.summer.courses2019.dao.RentalDaoJdbcImplTest@3a0f0552, testMethod = update@RentalDaoJdbcImplTest, testException = [null], mergedContextConfiguration = [MergedContextConfiguration@2c227f74 testClass = RentalDaoJdbcImplTest, locations = '{classpath*:test-db.xml, classpath*:test-dao.xml}', classes = '{}', contextInitializerClasses = '[]', activeProfiles = '{}', propertySourceLocations = '{}', propertySourceProperties = '{}', contextCustomizers = set[[empty]], contextLoader = 'org.springframework.test.context.support.DelegatingSmartContextLoader', parent = [null]], attributes = map[[empty]]]; transaction manager [org.springframework.jdbc.datasource.DataSourceTransactionManager@2fc6e673]; rollback [true]
18:12:58.235 [main] DEBUG o.s.j.c.JdbcTemplate - Executing prepared SQL query
18:12:58.235 [main] DEBUG o.s.j.c.JdbcTemplate - Executing prepared SQL statement [select rental_id, rental_rate, car_id from rental where rental_id = ?]
18:12:58.236 [main] DEBUG o.s.j.c.BeanPropertyRowMapper - Mapping column 'RENTAL_ID' to property 'rentalId' of type 'java.lang.Integer'
18:12:58.237 [main] DEBUG o.s.j.c.BeanPropertyRowMapper - Mapping column 'RENTAL_RATE' to property 'rentalRate' of type 'java.lang.String'
18:12:58.237 [main] DEBUG o.s.j.c.BeanPropertyRowMapper - Mapping column 'CAR_ID' to property 'carId' of type 'java.lang.Integer'
18:12:58.239 [main] DEBUG o.s.j.d.DataSourceTransactionManager - Initiating transaction rollback
18:12:58.239 [main] DEBUG o.s.j.d.DataSourceTransactionManager - Rolling back JDBC transaction on Connection [conn9: url=jdbc:h2:mem:test_db user=SA]
18:12:58.239 [main] DEBUG o.s.j.d.DataSourceTransactionManager - Releasing JDBC Connection [conn9: url=jdbc:h2:mem:test_db user=SA] after transaction
18:12:58.239 [main] INFO  o.s.t.c.t.TransactionContext - Rolled back transaction for test: [DefaultTestContext@62b92df8 testClass = RentalDaoJdbcImplTest, testInstance = com.epam.brest.summer.courses2019.dao.RentalDaoJdbcImplTest@3a0f0552, testMethod = update@RentalDaoJdbcImplTest, testException = org.springframework.dao.InvalidDataAccessApiUsageException: No value supplied for the SQL parameter 'rentalDays': Invalid property 'rentalDays' of bean class [com.epam.brest.summer.courses2019.model.Rental]: Bean property 'rentalDays' is not readable or has an invalid getter method: Does the return type of the getter match the parameter type of the setter?, mergedContextConfiguration = [MergedContextConfiguration@2c227f74 testClass = RentalDaoJdbcImplTest, locations = '{classpath*:test-db.xml, classpath*:test-dao.xml}', classes = '{}', contextInitializerClasses = '[]', activeProfiles = '{}', propertySourceLocations = '{}', propertySourceProperties = '{}', contextCustomizers = set[[empty]], contextLoader = 'org.springframework.test.context.support.DelegatingSmartContextLoader', parent = [null]], attributes = map[[empty]]]
18:12:58.240 [main] DEBUG o.s.t.c.s.AbstractDirtiesContextTestExecutionListener - After test method: context [DefaultTestContext@62b92df8 testClass = RentalDaoJdbcImplTest, testInstance = com.epam.brest.summer.courses2019.dao.RentalDaoJdbcImplTest@3a0f0552, testMethod = update@RentalDaoJdbcImplTest, testException = org.springframework.dao.InvalidDataAccessApiUsageException: No value supplied for the SQL parameter 'rentalDays': Invalid property 'rentalDays' of bean class [com.epam.brest.summer.courses2019.model.Rental]: Bean property 'rentalDays' is not readable or has an invalid getter method: Does the return type of the getter match the parameter type of the setter?, mergedContextConfiguration = [MergedContextConfiguration@2c227f74 testClass = RentalDaoJdbcImplTest, locations = '{classpath*:test-db.xml, classpath*:test-dao.xml}', classes = '{}', contextInitializerClasses = '[]', activeProfiles = '{}', propertySourceLocations = '{}', propertySourceProperties = '{}', contextCustomizers = set[[empty]], contextLoader = 'org.springframework.test.context.support.DelegatingSmartContextLoader', parent = [null]], attributes = map[[empty]]], class annotated with @DirtiesContext [false] with mode [null], method annotated with @DirtiesContext [false] with mode [null].
]]></system-out>
  </testcase>
  <testcase name="findById" classname="com.epam.brest.summer.courses2019.dao.RentalDaoJdbcImplTest" time="0.007"/>
  <testcase name="add" classname="com.epam.brest.summer.courses2019.dao.RentalDaoJdbcImplTest" time="0.006">
    <error message="No value supplied for the SQL parameter &apos;rentalId&apos;: No value registered for key &apos;rentalId&apos;" type="org.springframework.dao.InvalidDataAccessApiUsageException">org.springframework.dao.InvalidDataAccessApiUsageException: No value supplied for the SQL parameter 'rentalId': No value registered for key 'rentalId'
	at com.epam.brest.summer.courses2019.dao.RentalDaoJdbcImplTest.add(RentalDaoJdbcImplTest.java:53)
</error>
    <system-out><![CDATA[18:12:58.249 [main] DEBUG o.s.t.a.ProfileValueUtils - Retrieved @ProfileValueSourceConfiguration [null] for test class [com.epam.brest.summer.courses2019.dao.RentalDaoJdbcImplTest]
18:12:58.249 [main] DEBUG o.s.t.a.ProfileValueUtils - Retrieved ProfileValueSource type [class org.springframework.test.annotation.SystemProfileValueSource] for class [com.epam.brest.summer.courses2019.dao.RentalDaoJdbcImplTest]
18:12:58.249 [main] DEBUG o.s.t.c.s.DependencyInjectionTestExecutionListener - Performing dependency injection for test context [[DefaultTestContext@62b92df8 testClass = RentalDaoJdbcImplTest, testInstance = com.epam.brest.summer.courses2019.dao.RentalDaoJdbcImplTest@3035b9e6, testMethod = [null], testException = [null], mergedContextConfiguration = [MergedContextConfiguration@2c227f74 testClass = RentalDaoJdbcImplTest, locations = '{classpath*:test-db.xml, classpath*:test-dao.xml}', classes = '{}', contextInitializerClasses = '[]', activeProfiles = '{}', propertySourceLocations = '{}', propertySourceProperties = '{}', contextCustomizers = set[[empty]], contextLoader = 'org.springframework.test.context.support.DelegatingSmartContextLoader', parent = [null]], attributes = map[[empty]]]].
18:12:58.249 [main] DEBUG o.s.t.c.c.DefaultCacheAwareContextLoaderDelegate - Retrieved ApplicationContext from cache with key [[MergedContextConfiguration@2c227f74 testClass = RentalDaoJdbcImplTest, locations = '{classpath*:test-db.xml, classpath*:test-dao.xml}', classes = '{}', contextInitializerClasses = '[]', activeProfiles = '{}', propertySourceLocations = '{}', propertySourceProperties = '{}', contextCustomizers = set[[empty]], contextLoader = 'org.springframework.test.context.support.DelegatingSmartContextLoader', parent = [null]]]
18:12:58.249 [main] DEBUG o.s.t.c.cache - Spring test ApplicationContext cache statistics: [DefaultContextCache@290def7d size = 1, maxSize = 32, parentContextCount = 0, hitCount = 20, missCount = 1]
18:12:58.250 [main] DEBUG o.s.t.c.s.AbstractDirtiesContextTestExecutionListener - Before test method: context [DefaultTestContext@62b92df8 testClass = RentalDaoJdbcImplTest, testInstance = com.epam.brest.summer.courses2019.dao.RentalDaoJdbcImplTest@3035b9e6, testMethod = add@RentalDaoJdbcImplTest, testException = [null], mergedContextConfiguration = [MergedContextConfiguration@2c227f74 testClass = RentalDaoJdbcImplTest, locations = '{classpath*:test-db.xml, classpath*:test-dao.xml}', classes = '{}', contextInitializerClasses = '[]', activeProfiles = '{}', propertySourceLocations = '{}', propertySourceProperties = '{}', contextCustomizers = set[[empty]], contextLoader = 'org.springframework.test.context.support.DelegatingSmartContextLoader', parent = [null]], attributes = map[[empty]]], class annotated with @DirtiesContext [false] with mode [null], method annotated with @DirtiesContext [false] with mode [null].
18:12:58.250 [main] DEBUG o.s.t.c.t.TransactionalTestExecutionListener - Explicit transaction definition [PROPAGATION_REQUIRED,ISOLATION_DEFAULT] found for test context [DefaultTestContext@62b92df8 testClass = RentalDaoJdbcImplTest, testInstance = com.epam.brest.summer.courses2019.dao.RentalDaoJdbcImplTest@3035b9e6, testMethod = add@RentalDaoJdbcImplTest, testException = [null], mergedContextConfiguration = [MergedContextConfiguration@2c227f74 testClass = RentalDaoJdbcImplTest, locations = '{classpath*:test-db.xml, classpath*:test-dao.xml}', classes = '{}', contextInitializerClasses = '[]', activeProfiles = '{}', propertySourceLocations = '{}', propertySourceProperties = '{}', contextCustomizers = set[[empty]], contextLoader = 'org.springframework.test.context.support.DelegatingSmartContextLoader', parent = [null]], attributes = map[[empty]]]
18:12:58.251 [main] DEBUG o.s.t.c.c.DefaultCacheAwareContextLoaderDelegate - Retrieved ApplicationContext from cache with key [[MergedContextConfiguration@2c227f74 testClass = RentalDaoJdbcImplTest, locations = '{classpath*:test-db.xml, classpath*:test-dao.xml}', classes = '{}', contextInitializerClasses = '[]', activeProfiles = '{}', propertySourceLocations = '{}', propertySourceProperties = '{}', contextCustomizers = set[[empty]], contextLoader = 'org.springframework.test.context.support.DelegatingSmartContextLoader', parent = [null]]]
18:12:58.251 [main] DEBUG o.s.t.c.cache - Spring test ApplicationContext cache statistics: [DefaultContextCache@290def7d size = 1, maxSize = 32, parentContextCount = 0, hitCount = 21, missCount = 1]
18:12:58.251 [main] DEBUG o.s.t.c.t.TransactionalTestExecutionListener - Retrieved default @Rollback(true) for test class [com.epam.brest.summer.courses2019.dao.RentalDaoJdbcImplTest].
18:12:58.251 [main] DEBUG o.s.t.c.t.TransactionalTestExecutionListener - No method-level @Rollback override: using default rollback [true] for test context [DefaultTestContext@62b92df8 testClass = RentalDaoJdbcImplTest, testInstance = com.epam.brest.summer.courses2019.dao.RentalDaoJdbcImplTest@3035b9e6, testMethod = add@RentalDaoJdbcImplTest, testException = [null], mergedContextConfiguration = [MergedContextConfiguration@2c227f74 testClass = RentalDaoJdbcImplTest, locations = '{classpath*:test-db.xml, classpath*:test-dao.xml}', classes = '{}', contextInitializerClasses = '[]', activeProfiles = '{}', propertySourceLocations = '{}', propertySourceProperties = '{}', contextCustomizers = set[[empty]], contextLoader = 'org.springframework.test.context.support.DelegatingSmartContextLoader', parent = [null]], attributes = map[[empty]]].
18:12:58.251 [main] DEBUG o.s.j.d.DataSourceTransactionManager - Creating new transaction with name [com.epam.brest.summer.courses2019.dao.RentalDaoJdbcImplTest.add]: PROPAGATION_REQUIRED,ISOLATION_DEFAULT
18:12:58.252 [main] DEBUG o.s.j.d.DriverManagerDataSource - Creating new JDBC DriverManager Connection to [jdbc:h2:mem:test_db;MODE=MYSQL;DB_CLOSE_DELAY=-1]
18:12:58.252 [main] DEBUG o.s.j.d.DataSourceTransactionManager - Acquired Connection [conn11: url=jdbc:h2:mem:test_db user=SA] for JDBC transaction
18:12:58.252 [main] DEBUG o.s.j.d.DataSourceTransactionManager - Switching JDBC Connection [conn11: url=jdbc:h2:mem:test_db user=SA] to manual commit
18:12:58.252 [main] INFO  o.s.t.c.t.TransactionContext - Began transaction (1) for test context [DefaultTestContext@62b92df8 testClass = RentalDaoJdbcImplTest, testInstance = com.epam.brest.summer.courses2019.dao.RentalDaoJdbcImplTest@3035b9e6, testMethod = add@RentalDaoJdbcImplTest, testException = [null], mergedContextConfiguration = [MergedContextConfiguration@2c227f74 testClass = RentalDaoJdbcImplTest, locations = '{classpath*:test-db.xml, classpath*:test-dao.xml}', classes = '{}', contextInitializerClasses = '[]', activeProfiles = '{}', propertySourceLocations = '{}', propertySourceProperties = '{}', contextCustomizers = set[[empty]], contextLoader = 'org.springframework.test.context.support.DelegatingSmartContextLoader', parent = [null]], attributes = map[[empty]]]; transaction manager [org.springframework.jdbc.datasource.DataSourceTransactionManager@2fc6e673]; rollback [true]
18:12:58.253 [main] DEBUG o.s.j.c.JdbcTemplate - Executing prepared SQL query
18:12:58.253 [main] DEBUG o.s.j.c.JdbcTemplate - Executing prepared SQL statement [select rental_id, rental_rate, car_id from rental order by 1]
18:12:58.254 [main] DEBUG o.s.j.d.DataSourceTransactionManager - Initiating transaction rollback
18:12:58.254 [main] DEBUG o.s.j.d.DataSourceTransactionManager - Rolling back JDBC transaction on Connection [conn11: url=jdbc:h2:mem:test_db user=SA]
18:12:58.254 [main] DEBUG o.s.j.d.DataSourceTransactionManager - Releasing JDBC Connection [conn11: url=jdbc:h2:mem:test_db user=SA] after transaction
18:12:58.255 [main] INFO  o.s.t.c.t.TransactionContext - Rolled back transaction for test: [DefaultTestContext@62b92df8 testClass = RentalDaoJdbcImplTest, testInstance = com.epam.brest.summer.courses2019.dao.RentalDaoJdbcImplTest@3035b9e6, testMethod = add@RentalDaoJdbcImplTest, testException = org.springframework.dao.InvalidDataAccessApiUsageException: No value supplied for the SQL parameter 'rentalId': No value registered for key 'rentalId', mergedContextConfiguration = [MergedContextConfiguration@2c227f74 testClass = RentalDaoJdbcImplTest, locations = '{classpath*:test-db.xml, classpath*:test-dao.xml}', classes = '{}', contextInitializerClasses = '[]', activeProfiles = '{}', propertySourceLocations = '{}', propertySourceProperties = '{}', contextCustomizers = set[[empty]], contextLoader = 'org.springframework.test.context.support.DelegatingSmartContextLoader', parent = [null]], attributes = map[[empty]]]
18:12:58.255 [main] DEBUG o.s.t.c.s.AbstractDirtiesContextTestExecutionListener - After test method: context [DefaultTestContext@62b92df8 testClass = RentalDaoJdbcImplTest, testInstance = com.epam.brest.summer.courses2019.dao.RentalDaoJdbcImplTest@3035b9e6, testMethod = add@RentalDaoJdbcImplTest, testException = org.springframework.dao.InvalidDataAccessApiUsageException: No value supplied for the SQL parameter 'rentalId': No value registered for key 'rentalId', mergedContextConfiguration = [MergedContextConfiguration@2c227f74 testClass = RentalDaoJdbcImplTest, locations = '{classpath*:test-db.xml, classpath*:test-dao.xml}', classes = '{}', contextInitializerClasses = '[]', activeProfiles = '{}', propertySourceLocations = '{}', propertySourceProperties = '{}', contextCustomizers = set[[empty]], contextLoader = 'org.springframework.test.context.support.DelegatingSmartContextLoader', parent = [null]], attributes = map[[empty]]], class annotated with @DirtiesContext [false] with mode [null], method annotated with @DirtiesContext [false] with mode [null].
]]></system-out>
  </testcase>
  <testcase name="findByCarId" classname="com.epam.brest.summer.courses2019.dao.RentalDaoJdbcImplTest" time="0.006"/>
</testsuite>