<?xml version="1.0" encoding="UTF-8"?>
<testsuite xmlns:xsi="http://www.w3.org/2001/XMLSchema-instance" xsi:noNamespaceSchemaLocation="https://maven.apache.org/surefire/maven-surefire-plugin/xsd/surefire-test-report-3.0.xsd" version="3.0" name="com.epam.brest.summer.courses2019.dao.CarDaoJdbcImplTest" time="0.941" tests="6" errors="4" skipped="0" failures="0">
  <properties>
[...]
</properties>
  <testcase name="updateCar" classname="com.epam.brest.summer.courses2019.dao.CarDaoJdbcImplTest" time="0.04">
    <error message="No value supplied for the SQL parameter &apos;carId&apos;: No value registered for key &apos;carId&apos;" type="org.springframework.dao.InvalidDataAccessApiUsageException">org.springframework.dao.InvalidDataAccessApiUsageException: No value supplied for the SQL parameter 'carId': No value registered for key 'carId'
	at com.epam.brest.summer.courses2019.dao.CarDaoJdbcImplTest.updateCar(CarDaoJdbcImplTest.java:68)
</error>
    <system-out><![CDATA[18:12:57.055 [main] DEBUG o.s.t.c.j.SpringJUnit4ClassRunner - SpringJUnit4ClassRunner constructor called with [class com.epam.brest.summer.courses2019.dao.CarDaoJdbcImplTest]
18:12:57.059 [main] DEBUG o.s.t.c.BootstrapUtils - Instantiating CacheAwareContextLoaderDelegate from class [org.springframework.test.context.cache.DefaultCacheAwareContextLoaderDelegate]
18:12:57.070 [main] DEBUG o.s.t.c.BootstrapUtils - Instantiating BootstrapContext using constructor [public org.springframework.test.context.support.DefaultBootstrapContext(java.lang.Class,org.springframework.test.context.CacheAwareContextLoaderDelegate)]
18:12:57.087 [main] DEBUG o.s.t.c.BootstrapUtils - Instantiating TestContextBootstrapper for test class [com.epam.brest.summer.courses2019.dao.CarDaoJdbcImplTest] from class [org.springframework.test.context.support.DefaultTestContextBootstrapper]
18:12:57.113 [main] DEBUG o.s.t.c.s.AbstractDelegatingSmartContextLoader - Delegating to GenericXmlContextLoader to process context configuration [ContextConfigurationAttributes@1fedf0a4 declaringClass = 'com.epam.brest.summer.courses2019.dao.CarDaoJdbcImplTest', classes = '{}', locations = '{classpath*:test-db.xml, classpath*:test-dao.xml}', inheritLocations = true, initializers = '{}', inheritInitializers = true, name = [null], contextLoaderClass = 'org.springframework.test.context.ContextLoader'].
18:12:57.132 [main] DEBUG o.s.t.c.s.ActiveProfilesUtils - Could not find an 'annotation declaring class' for annotation type [org.springframework.test.context.ActiveProfiles] and class [com.epam.brest.summer.courses2019.dao.CarDaoJdbcImplTest]
18:12:57.132 [main] DEBUG o.s.t.c.s.DefaultTestContextBootstrapper - @TestExecutionListeners is not present for class [com.epam.brest.summer.courses2019.dao.CarDaoJdbcImplTest]: using defaults.
18:12:57.133 [main] INFO  o.s.t.c.s.DefaultTestContextBootstrapper - Loaded default TestExecutionListener class names from location [META-INF/spring.factories]: [org.springframework.test.context.web.ServletTestExecutionListener, org.springframework.test.context.support.DirtiesContextBeforeModesTestExecutionListener, org.springframework.test.context.support.DependencyInjectionTestExecutionListener, org.springframework.test.context.support.DirtiesContextTestExecutionListener, org.springframework.test.context.transaction.TransactionalTestExecutionListener, org.springframework.test.context.jdbc.SqlScriptsTestExecutionListener]
18:12:57.140 [main] DEBUG o.s.t.c.s.DefaultTestContextBootstrapper - Skipping candidate TestExecutionListener [org.springframework.test.context.web.ServletTestExecutionListener] due to a missing dependency. Specify custom listener classes or make the default listener classes and their required dependencies available. Offending class: [javax/servlet/ServletContext]
18:12:57.148 [main] INFO  o.s.t.c.s.DefaultTestContextBootstrapper - Using TestExecutionListeners: [org.springframework.test.context.support.DirtiesContextBeforeModesTestExecutionListener@627ff1b8, org.springframework.test.context.support.DependencyInjectionTestExecutionListener@62b57479, org.springframework.test.context.support.DirtiesContextTestExecutionListener@29a33620, org.springframework.test.context.transaction.TransactionalTestExecutionListener@ea04cab, org.springframework.test.context.jdbc.SqlScriptsTestExecutionListener@134f8ef6]
18:12:57.151 [main] DEBUG o.s.t.a.ProfileValueUtils - Retrieved @ProfileValueSourceConfiguration [null] for test class [com.epam.brest.summer.courses2019.dao.CarDaoJdbcImplTest]
18:12:57.151 [main] DEBUG o.s.t.a.ProfileValueUtils - Retrieved ProfileValueSource type [class org.springframework.test.annotation.SystemProfileValueSource] for class [com.epam.brest.summer.courses2019.dao.CarDaoJdbcImplTest]
18:12:57.216 [main] DEBUG o.s.t.c.j.SpringJUnit4ClassRunner - SpringJUnit4ClassRunner constructor called with [class com.epam.brest.summer.courses2019.dao.RentalDaoJdbcImplTest]
18:12:57.216 [main] DEBUG o.s.t.c.BootstrapUtils - Instantiating CacheAwareContextLoaderDelegate from class [org.springframework.test.context.cache.DefaultCacheAwareContextLoaderDelegate]
18:12:57.217 [main] DEBUG o.s.t.c.BootstrapUtils - Instantiating BootstrapContext using constructor [public org.springframework.test.context.support.DefaultBootstrapContext(java.lang.Class,org.springframework.test.context.CacheAwareContextLoaderDelegate)]
18:12:57.217 [main] DEBUG o.s.t.c.BootstrapUtils - Instantiating TestContextBootstrapper for test class [com.epam.brest.summer.courses2019.dao.RentalDaoJdbcImplTest] from class [org.springframework.test.context.support.DefaultTestContextBootstrapper]
18:12:57.218 [main] DEBUG o.s.t.c.s.AbstractDelegatingSmartContextLoader - Delegating to GenericXmlContextLoader to process context configuration [ContextConfigurationAttributes@5e002356 declaringClass = 'com.epam.brest.summer.courses2019.dao.RentalDaoJdbcImplTest', classes = '{}', locations = '{classpath*:test-db.xml, classpath*:test-dao.xml}', inheritLocations = true, initializers = '{}', inheritInitializers = true, name = [null], contextLoaderClass = 'org.springframework.test.context.ContextLoader'].
18:12:57.218 [main] DEBUG o.s.t.c.s.ActiveProfilesUtils - Could not find an 'annotation declaring class' for annotation type [org.springframework.test.context.ActiveProfiles] and class [com.epam.brest.summer.courses2019.dao.RentalDaoJdbcImplTest]
18:12:57.219 [main] DEBUG o.s.t.c.s.DefaultTestContextBootstrapper - @TestExecutionListeners is not present for class [com.epam.brest.summer.courses2019.dao.RentalDaoJdbcImplTest]: using defaults.
18:12:57.219 [main] INFO  o.s.t.c.s.DefaultTestContextBootstrapper - Loaded default TestExecutionListener class names from location [META-INF/spring.factories]: [org.springframework.test.context.web.ServletTestExecutionListener, org.springframework.test.context.support.DirtiesContextBeforeModesTestExecutionListener, org.springframework.test.context.support.DependencyInjectionTestExecutionListener, org.springframework.test.context.support.DirtiesContextTestExecutionListener, org.springframework.test.context.transaction.TransactionalTestExecutionListener, org.springframework.test.context.jdbc.SqlScriptsTestExecutionListener]
18:12:57.219 [main] DEBUG o.s.t.c.s.DefaultTestContextBootstrapper - Skipping candidate TestExecutionListener [org.springframework.test.context.web.ServletTestExecutionListener] due to a missing dependency. Specify custom listener classes or make the default listener classes and their required dependencies available. Offending class: [javax/servlet/ServletContext]
18:12:57.219 [main] INFO  o.s.t.c.s.DefaultTestContextBootstrapper - Using TestExecutionListeners: [org.springframework.test.context.support.DirtiesContextBeforeModesTestExecutionListener@4f820f42, org.springframework.test.context.support.DependencyInjectionTestExecutionListener@4b325930, org.springframework.test.context.support.DirtiesContextTestExecutionListener@267f9765, org.springframework.test.context.transaction.TransactionalTestExecutionListener@79ba0a6f, org.springframework.test.context.jdbc.SqlScriptsTestExecutionListener@261de205]
18:12:57.220 [main] DEBUG o.s.t.a.ProfileValueUtils - Retrieved @ProfileValueSourceConfiguration [null] for test class [com.epam.brest.summer.courses2019.dao.RentalDaoJdbcImplTest]
18:12:57.220 [main] DEBUG o.s.t.a.ProfileValueUtils - Retrieved ProfileValueSource type [class org.springframework.test.annotation.SystemProfileValueSource] for class [com.epam.brest.summer.courses2019.dao.RentalDaoJdbcImplTest]
18:12:57.232 [main] DEBUG o.s.t.c.j.SpringJUnit4ClassRunner - SpringJUnit4ClassRunner constructor called with [class com.epam.brest.summer.courses2019.dao.CarDaoJdbcImplTest]
18:12:57.232 [main] DEBUG o.s.t.c.BootstrapUtils - Instantiating CacheAwareContextLoaderDelegate from class [org.springframework.test.context.cache.DefaultCacheAwareContextLoaderDelegate]
18:12:57.233 [main] DEBUG o.s.t.c.BootstrapUtils - Instantiating BootstrapContext using constructor [public org.springframework.test.context.support.DefaultBootstrapContext(java.lang.Class,org.springframework.test.context.CacheAwareContextLoaderDelegate)]
18:12:57.233 [main] DEBUG o.s.t.c.BootstrapUtils - Instantiating TestContextBootstrapper for test class [com.epam.brest.summer.courses2019.dao.CarDaoJdbcImplTest] from class [org.springframework.test.context.support.DefaultTestContextBootstrapper]
18:12:57.234 [main] DEBUG o.s.t.c.s.AbstractDelegatingSmartContextLoader - Delegating to GenericXmlContextLoader to process context configuration [ContextConfigurationAttributes@30a7653e declaringClass = 'com.epam.brest.summer.courses2019.dao.CarDaoJdbcImplTest', classes = '{}', locations = '{classpath*:test-db.xml, classpath*:test-dao.xml}', inheritLocations = true, initializers = '{}', inheritInitializers = true, name = [null], contextLoaderClass = 'org.springframework.test.context.ContextLoader'].
18:12:57.235 [main] DEBUG o.s.t.c.s.ActiveProfilesUtils - Could not find an 'annotation declaring class' for annotation type [org.springframework.test.context.ActiveProfiles] and class [com.epam.brest.summer.courses2019.dao.CarDaoJdbcImplTest]
18:12:57.235 [main] DEBUG o.s.t.c.s.DefaultTestContextBootstrapper - @TestExecutionListeners is not present for class [com.epam.brest.summer.courses2019.dao.CarDaoJdbcImplTest]: using defaults.
18:12:57.235 [main] INFO  o.s.t.c.s.DefaultTestContextBootstrapper - Loaded default TestExecutionListener class names from location [META-INF/spring.factories]: [org.springframework.test.context.web.ServletTestExecutionListener, org.springframework.test.context.support.DirtiesContextBeforeModesTestExecutionListener, org.springframework.test.context.support.DependencyInjectionTestExecutionListener, org.springframework.test.context.support.DirtiesContextTestExecutionListener, org.springframework.test.context.transaction.TransactionalTestExecutionListener, org.springframework.test.context.jdbc.SqlScriptsTestExecutionListener]
18:12:57.236 [main] DEBUG o.s.t.c.s.DefaultTestContextBootstrapper - Skipping candidate TestExecutionListener [org.springframework.test.context.web.ServletTestExecutionListener] due to a missing dependency. Specify custom listener classes or make the default listener classes and their required dependencies available. Offending class: [javax/servlet/ServletContext]
18:12:57.236 [main] INFO  o.s.t.c.s.DefaultTestContextBootstrapper - Using TestExecutionListeners: [org.springframework.test.context.support.DirtiesContextBeforeModesTestExecutionListener@7cff3f1d, org.springframework.test.context.support.DependencyInjectionTestExecutionListener@6401188a, org.springframework.test.context.support.DirtiesContextTestExecutionListener@33a8c9c9, org.springframework.test.context.transaction.TransactionalTestExecutionListener@382dc417, org.springframework.test.context.jdbc.SqlScriptsTestExecutionListener@3daf03d8]
18:12:57.236 [main] DEBUG o.s.t.a.ProfileValueUtils - Retrieved @ProfileValueSourceConfiguration [null] for test class [com.epam.brest.summer.courses2019.dao.CarDaoJdbcImplTest]
18:12:57.237 [main] DEBUG o.s.t.a.ProfileValueUtils - Retrieved ProfileValueSource type [class org.springframework.test.annotation.SystemProfileValueSource] for class [com.epam.brest.summer.courses2019.dao.CarDaoJdbcImplTest]
18:12:57.239 [main] DEBUG o.s.t.c.j.SpringJUnit4ClassRunner - SpringJUnit4ClassRunner constructor called with [class com.epam.brest.summer.courses2019.dao.RentalDaoJdbcImplTest]
18:12:57.240 [main] DEBUG o.s.t.c.BootstrapUtils - Instantiating CacheAwareContextLoaderDelegate from class [org.springframework.test.context.cache.DefaultCacheAwareContextLoaderDelegate]
18:12:57.240 [main] DEBUG o.s.t.c.BootstrapUtils - Instantiating BootstrapContext using constructor [public org.springframework.test.context.support.DefaultBootstrapContext(java.lang.Class,org.springframework.test.context.CacheAwareContextLoaderDelegate)]
18:12:57.240 [main] DEBUG o.s.t.c.BootstrapUtils - Instantiating TestContextBootstrapper for test class [com.epam.brest.summer.courses2019.dao.RentalDaoJdbcImplTest] from class [org.springframework.test.context.support.DefaultTestContextBootstrapper]
18:12:57.241 [main] DEBUG o.s.t.c.s.AbstractDelegatingSmartContextLoader - Delegating to GenericXmlContextLoader to process context configuration [ContextConfigurationAttributes@2415e4c7 declaringClass = 'com.epam.brest.summer.courses2019.dao.RentalDaoJdbcImplTest', classes = '{}', locations = '{classpath*:test-db.xml, classpath*:test-dao.xml}', inheritLocations = true, initializers = '{}', inheritInitializers = true, name = [null], contextLoaderClass = 'org.springframework.test.context.ContextLoader'].
18:12:57.242 [main] DEBUG o.s.t.c.s.ActiveProfilesUtils - Could not find an 'annotation declaring class' for annotation type [org.springframework.test.context.ActiveProfiles] and class [com.epam.brest.summer.courses2019.dao.RentalDaoJdbcImplTest]
18:12:57.242 [main] DEBUG o.s.t.c.s.DefaultTestContextBootstrapper - @TestExecutionListeners is not present for class [com.epam.brest.summer.courses2019.dao.RentalDaoJdbcImplTest]: using defaults.
18:12:57.242 [main] INFO  o.s.t.c.s.DefaultTestContextBootstrapper - Loaded default TestExecutionListener class names from location [META-INF/spring.factories]: [org.springframework.test.context.web.ServletTestExecutionListener, org.springframework.test.context.support.DirtiesContextBeforeModesTestExecutionListener, org.springframework.test.context.support.DependencyInjectionTestExecutionListener, org.springframework.test.context.support.DirtiesContextTestExecutionListener, org.springframework.test.context.transaction.TransactionalTestExecutionListener, org.springframework.test.context.jdbc.SqlScriptsTestExecutionListener]
18:12:57.243 [main] DEBUG o.s.t.c.s.DefaultTestContextBootstrapper - Skipping candidate TestExecutionListener [org.springframework.test.context.web.ServletTestExecutionListener] due to a missing dependency. Specify custom listener classes or make the default listener classes and their required dependencies available. Offending class: [javax/servlet/ServletContext]
18:12:57.243 [main] INFO  o.s.t.c.s.DefaultTestContextBootstrapper - Using TestExecutionListeners: [org.springframework.test.context.support.DirtiesContextBeforeModesTestExecutionListener@72ce812e, org.springframework.test.context.support.DependencyInjectionTestExecutionListener@373afd6c, org.springframework.test.context.support.DirtiesContextTestExecutionListener@521441d5, org.springframework.test.context.transaction.TransactionalTestExecutionListener@592ca48c, org.springframework.test.context.jdbc.SqlScriptsTestExecutionListener@5fed9976]
18:12:57.243 [main] DEBUG o.s.t.a.ProfileValueUtils - Retrieved @ProfileValueSourceConfiguration [null] for test class [com.epam.brest.summer.courses2019.dao.RentalDaoJdbcImplTest]
18:12:57.243 [main] DEBUG o.s.t.a.ProfileValueUtils - Retrieved ProfileValueSource type [class org.springframework.test.annotation.SystemProfileValueSource] for class [com.epam.brest.summer.courses2019.dao.RentalDaoJdbcImplTest]
18:12:57.269 [main] DEBUG o.s.t.a.ProfileValueUtils - Retrieved @ProfileValueSourceConfiguration [null] for test class [com.epam.brest.summer.courses2019.dao.CarDaoJdbcImplTest]
18:12:57.269 [main] DEBUG o.s.t.a.ProfileValueUtils - Retrieved ProfileValueSource type [class org.springframework.test.annotation.SystemProfileValueSource] for class [com.epam.brest.summer.courses2019.dao.CarDaoJdbcImplTest]
18:12:57.272 [main] DEBUG o.s.t.a.ProfileValueUtils - Retrieved @ProfileValueSourceConfiguration [null] for test class [com.epam.brest.summer.courses2019.dao.CarDaoJdbcImplTest]
18:12:57.272 [main] DEBUG o.s.t.a.ProfileValueUtils - Retrieved ProfileValueSource type [class org.springframework.test.annotation.SystemProfileValueSource] for class [com.epam.brest.summer.courses2019.dao.CarDaoJdbcImplTest]
18:12:57.273 [main] DEBUG o.s.t.a.ProfileValueUtils - Retrieved @ProfileValueSourceConfiguration [null] for test class [com.epam.brest.summer.courses2019.dao.CarDaoJdbcImplTest]
18:12:57.273 [main] DEBUG o.s.t.a.ProfileValueUtils - Retrieved ProfileValueSource type [class org.springframework.test.annotation.SystemProfileValueSource] for class [com.epam.brest.summer.courses2019.dao.CarDaoJdbcImplTest]
18:12:57.275 [main] DEBUG o.s.t.c.s.AbstractDirtiesContextTestExecutionListener - Before test class: context [DefaultTestContext@11df2829 testClass = CarDaoJdbcImplTest, testInstance = [null], testMethod = [null], testException = [null], mergedContextConfiguration = [MergedContextConfiguration@18e4674d testClass = CarDaoJdbcImplTest, locations = '{classpath*:test-db.xml, classpath*:test-dao.xml}', classes = '{}', contextInitializerClasses = '[]', activeProfiles = '{}', propertySourceLocations = '{}', propertySourceProperties = '{}', contextCustomizers = set[[empty]], contextLoader = 'org.springframework.test.context.support.DelegatingSmartContextLoader', parent = [null]], attributes = map[[empty]]], class annotated with @DirtiesContext [false] with mode [null].
18:12:57.275 [main] DEBUG o.s.t.a.ProfileValueUtils - Retrieved @ProfileValueSourceConfiguration [null] for test class [com.epam.brest.summer.courses2019.dao.CarDaoJdbcImplTest]
18:12:57.276 [main] DEBUG o.s.t.a.ProfileValueUtils - Retrieved ProfileValueSource type [class org.springframework.test.annotation.SystemProfileValueSource] for class [com.epam.brest.summer.courses2019.dao.CarDaoJdbcImplTest]
18:12:57.278 [main] DEBUG o.s.t.c.s.DependencyInjectionTestExecutionListener - Performing dependency injection for test context [[DefaultTestContext@11df2829 testClass = CarDaoJdbcImplTest, testInstance = com.epam.brest.summer.courses2019.dao.CarDaoJdbcImplTest@3c28e5b6, testMethod = [null], testException = [null], mergedContextConfiguration = [MergedContextConfiguration@18e4674d testClass = CarDaoJdbcImplTest, locations = '{classpath*:test-db.xml, classpath*:test-dao.xml}', classes = '{}', contextInitializerClasses = '[]', activeProfiles = '{}', propertySourceLocations = '{}', propertySourceProperties = '{}', contextCustomizers = set[[empty]], contextLoader = 'org.springframework.test.context.support.DelegatingSmartContextLoader', parent = [null]], attributes = map[[empty]]]].
18:12:57.278 [main] DEBUG o.s.t.c.s.AbstractDelegatingSmartContextLoader - Delegating to GenericXmlContextLoader to load context from [MergedContextConfiguration@18e4674d testClass = CarDaoJdbcImplTest, locations = '{classpath*:test-db.xml, classpath*:test-dao.xml}', classes = '{}', contextInitializerClasses = '[]', activeProfiles = '{}', propertySourceLocations = '{}', propertySourceProperties = '{}', contextCustomizers = set[[empty]], contextLoader = 'org.springframework.test.context.support.DelegatingSmartContextLoader', parent = [null]].
18:12:57.279 [main] DEBUG o.s.t.c.s.AbstractGenericContextLoader - Loading ApplicationContext for merged context configuration [[MergedContextConfiguration@18e4674d testClass = CarDaoJdbcImplTest, locations = '{classpath*:test-db.xml, classpath*:test-dao.xml}', classes = '{}', contextInitializerClasses = '[]', activeProfiles = '{}', propertySourceLocations = '{}', propertySourceProperties = '{}', contextCustomizers = set[[empty]], contextLoader = 'org.springframework.test.context.support.DelegatingSmartContextLoader', parent = [null]]].
18:12:57.337 [main] DEBUG o.s.c.e.StandardEnvironment - Activating profiles []
18:12:57.441 [main] DEBUG o.s.b.f.x.XmlBeanDefinitionReader - Loaded 3 bean definitions from URL [jar:file:/home/ihnat/development/ihnat-misiyuk/car-rental/test-db/target/test-db-1.0-SNAPSHOT.jar!/test-db.xml]
18:12:57.460 [main] DEBUG o.s.b.f.x.XmlBeanDefinitionReader - Loaded 5 bean definitions from URL [file:/home/ihnat/development/ihnat-misiyuk/car-rental/dao/target/test-classes/test-dao.xml]
18:12:57.470 [main] DEBUG o.s.c.s.GenericApplicationContext - Refreshing org.springframework.context.support.GenericApplicationContext@20349058
18:12:57.504 [main] DEBUG o.s.b.f.s.DefaultListableBeanFactory - Creating shared instance of singleton bean 'org.springframework.context.annotation.internalConfigurationAnnotationProcessor'
18:12:57.590 [main] DEBUG o.s.b.f.s.DefaultListableBeanFactory - Creating shared instance of singleton bean 'org.springframework.beans.factory.config.PropertyPlaceholderConfigurer#0'
18:12:57.632 [main] DEBUG o.s.b.f.s.DefaultListableBeanFactory - Creating shared instance of singleton bean 'org.springframework.context.event.internalEventListenerProcessor'
18:12:57.633 [main] DEBUG o.s.b.f.s.DefaultListableBeanFactory - Creating shared instance of singleton bean 'org.springframework.context.event.internalEventListenerFactory'
18:12:57.634 [main] DEBUG o.s.b.f.s.DefaultListableBeanFactory - Creating shared instance of singleton bean 'org.springframework.context.annotation.internalAutowiredAnnotationProcessor'
18:12:57.640 [main] DEBUG o.s.b.f.s.DefaultListableBeanFactory - Creating shared instance of singleton bean 'dataSource'
18:12:57.653 [main] DEBUG o.s.j.d.DriverManagerDataSource - Loaded JDBC driver: org.h2.Driver
18:12:57.653 [main] DEBUG o.s.b.f.s.DefaultListableBeanFactory - Creating shared instance of singleton bean 'transactionManager'
18:12:57.663 [main] DEBUG o.s.b.f.s.DefaultListableBeanFactory - Creating shared instance of singleton bean 'org.springframework.jdbc.datasource.init.DataSourceInitializer#0'
18:12:57.700 [main] DEBUG o.s.j.d.DataSourceUtils - Fetching JDBC Connection from DataSource
18:12:57.701 [main] DEBUG o.s.j.d.DriverManagerDataSource - Creating new JDBC DriverManager Connection to [jdbc:h2:mem:test_db;MODE=MYSQL;DB_CLOSE_DELAY=-1]
18:12:57.986 [main] DEBUG o.s.j.d.i.ScriptUtils - Executing SQL script from URL [jar:file:/home/ihnat/development/ihnat-misiyuk/car-rental/test-db/target/test-db-1.0-SNAPSHOT.jar!/create-tables.sql]
18:12:57.993 [main] DEBUG o.s.j.d.i.ScriptUtils - 0 returned as update count for SQL: DROP TABLE IF EXISTS car
18:12:58.010 [main] DEBUG o.s.j.d.i.ScriptUtils - 0 returned as update count for SQL: CREATE TABLE car ( car_id INT NOT NULL AUTO_INCREMENT, car_brand VARCHAR(255) NOT NULL, car_year INT NOT NULL, car_engine VARCHAR(255) NOT NULL, car_gearbox VARCHAR(255) NOT NULL, car_class VARCHAR(255) NOT NULL, PRIMARY KEY (car_id) )
18:12:58.011 [main] DEBUG o.s.j.d.i.ScriptUtils - 0 returned as update count for SQL: DROP TABLE IF EXISTS rental
18:12:58.034 [main] DEBUG o.s.j.d.i.ScriptUtils - 0 returned as update count for SQL: CREATE TABLE rental ( rental_id INT NOT NULL AUTO_INCREMENT, rental_days INT NOT NULL, rental_rate VARCHAR(255) NOT NULL, rental_price INT NOT NULL, car_id INT NOT NULL, PRIMARY KEY (rental_id), FOREIGN KEY (car_id) REFERENCES car(car_id) )
18:12:58.034 [main] DEBUG o.s.j.d.i.ScriptUtils - Executed SQL script from URL [jar:file:/home/ihnat/development/ihnat-misiyuk/car-rental/test-db/target/test-db-1.0-SNAPSHOT.jar!/create-tables.sql] in 48 ms.
18:12:58.034 [main] DEBUG o.s.j.d.i.ScriptUtils - Executing SQL script from URL [jar:file:/home/ihnat/development/ihnat-misiyuk/car-rental/test-db/target/test-db-1.0-SNAPSHOT.jar!/data-script.sql]
18:12:58.037 [main] DEBUG o.s.j.d.i.ScriptUtils - 1 returned as update count for SQL: INSERT INTO car (car_id, car_brand, car_year, car_engine, car_gearbox, car_class) VALUES (1, 'AUDI', 1988, '2.3', 'MECHANICAL', 'BUSINESS')
18:12:58.038 [main] DEBUG o.s.j.d.i.ScriptUtils - 1 returned as update count for SQL: INSERT INTO car (car_id, car_brand, car_year, car_engine, car_gearbox, car_class) VALUES (2, 'BMW', 2012, '4.0', 'MECHANICAL', 'SPORT')
18:12:58.038 [main] DEBUG o.s.j.d.i.ScriptUtils - 1 returned as update count for SQL: INSERT INTO car (car_id, car_brand, car_year, car_engine, car_gearbox, car_class) VALUES (3, 'MERCEDES-BENZ', 1998, '2.0', 'MECHANICAL', 'BUSINESS')
18:12:58.040 [main] DEBUG o.s.j.d.i.ScriptUtils - 1 returned as update count for SQL: INSERT INTO rental (rental_id, rental_days, rental_rate, rental_price, car_id) VALUES (1, 3, 'DAILY', 50, 1)
18:12:58.041 [main] DEBUG o.s.j.d.i.ScriptUtils - 1 returned as update count for SQL: INSERT INTO rental (rental_id, rental_days, rental_rate, rental_price, car_id) VALUES (2, 1, 'MAIN', 30, 2)
18:12:58.042 [main] DEBUG o.s.j.d.i.ScriptUtils - 1 returned as update count for SQL: INSERT INTO rental (rental_id, rental_days, rental_rate, rental_price, car_id) VALUES (3, 15, 'WEEKEND', 35, 3)
18:12:58.043 [main] DEBUG o.s.j.d.i.ScriptUtils - 1 returned as update count for SQL: INSERT INTO rental (rental_id, rental_days, rental_rate, rental_price, car_id) VALUES (4, 2, 'MAIN', 35, 3)
18:12:58.043 [main] DEBUG o.s.j.d.i.ScriptUtils - 1 returned as update count for SQL: INSERT INTO rental (rental_id, rental_days, rental_rate, rental_price, car_id) VALUES (5, 5, 'DAILY', 60, 3)
18:12:58.044 [main] DEBUG o.s.j.d.i.ScriptUtils - Executed SQL script from URL [jar:file:/home/ihnat/development/ihnat-misiyuk/car-rental/test-db/target/test-db-1.0-SNAPSHOT.jar!/data-script.sql] in 10 ms.
18:12:58.045 [main] DEBUG o.s.b.f.s.DefaultListableBeanFactory - Creating shared instance of singleton bean 'namedParameterJdbcTemplate'
18:12:58.059 [main] DEBUG o.s.b.f.s.DefaultListableBeanFactory - Creating shared instance of singleton bean 'carDao'
18:12:58.062 [main] DEBUG o.s.b.f.s.DefaultListableBeanFactory - Creating shared instance of singleton bean 'carStubDao'
18:12:58.063 [main] DEBUG o.s.b.f.s.DefaultListableBeanFactory - Creating shared instance of singleton bean 'rentalDao'
18:12:58.075 [main] DEBUG o.s.t.c.c.DefaultCacheAwareContextLoaderDelegate - Storing ApplicationContext in cache under key [[MergedContextConfiguration@18e4674d testClass = CarDaoJdbcImplTest, locations = '{classpath*:test-db.xml, classpath*:test-dao.xml}', classes = '{}', contextInitializerClasses = '[]', activeProfiles = '{}', propertySourceLocations = '{}', propertySourceProperties = '{}', contextCustomizers = set[[empty]], contextLoader = 'org.springframework.test.context.support.DelegatingSmartContextLoader', parent = [null]]]
18:12:58.076 [main] DEBUG o.s.t.c.cache - Spring test ApplicationContext cache statistics: [DefaultContextCache@290def7d size = 1, maxSize = 32, parentContextCount = 0, hitCount = 0, missCount = 1]
18:12:58.088 [main] DEBUG o.s.t.c.s.AbstractDirtiesContextTestExecutionListener - Before test method: context [DefaultTestContext@11df2829 testClass = CarDaoJdbcImplTest, testInstance = com.epam.brest.summer.courses2019.dao.CarDaoJdbcImplTest@3c28e5b6, testMethod = updateCar@CarDaoJdbcImplTest, testException = [null], mergedContextConfiguration = [MergedContextConfiguration@18e4674d testClass = CarDaoJdbcImplTest, locations = '{classpath*:test-db.xml, classpath*:test-dao.xml}', classes = '{}', contextInitializerClasses = '[]', activeProfiles = '{}', propertySourceLocations = '{}', propertySourceProperties = '{}', contextCustomizers = set[[empty]], contextLoader = 'org.springframework.test.context.support.DelegatingSmartContextLoader', parent = [null]], attributes = map[[empty]]], class annotated with @DirtiesContext [false] with mode [null], method annotated with @DirtiesContext [false] with mode [null].
18:12:58.093 [main] DEBUG o.s.t.c.t.TransactionalTestExecutionListener - Explicit transaction definition [PROPAGATION_REQUIRED,ISOLATION_DEFAULT] found for test context [DefaultTestContext@11df2829 testClass = CarDaoJdbcImplTest, testInstance = com.epam.brest.summer.courses2019.dao.CarDaoJdbcImplTest@3c28e5b6, testMethod = updateCar@CarDaoJdbcImplTest, testException = [null], mergedContextConfiguration = [MergedContextConfiguration@18e4674d testClass = CarDaoJdbcImplTest, locations = '{classpath*:test-db.xml, classpath*:test-dao.xml}', classes = '{}', contextInitializerClasses = '[]', activeProfiles = '{}', propertySourceLocations = '{}', propertySourceProperties = '{}', contextCustomizers = set[[empty]], contextLoader = 'org.springframework.test.context.support.DelegatingSmartContextLoader', parent = [null]], attributes = map[[empty]]]
18:12:58.094 [main] DEBUG o.s.t.c.c.DefaultCacheAwareContextLoaderDelegate - Retrieved ApplicationContext from cache with key [[MergedContextConfiguration@18e4674d testClass = CarDaoJdbcImplTest, locations = '{classpath*:test-db.xml, classpath*:test-dao.xml}', classes = '{}', contextInitializerClasses = '[]', activeProfiles = '{}', propertySourceLocations = '{}', propertySourceProperties = '{}', contextCustomizers = set[[empty]], contextLoader = 'org.springframework.test.context.support.DelegatingSmartContextLoader', parent = [null]]]
18:12:58.094 [main] DEBUG o.s.t.c.cache - Spring test ApplicationContext cache statistics: [DefaultContextCache@290def7d size = 1, maxSize = 32, parentContextCount = 0, hitCount = 1, missCount = 1]
18:12:58.095 [main] DEBUG o.s.t.c.t.TransactionalTestExecutionListener - Retrieved default @Rollback(true) for test class [com.epam.brest.summer.courses2019.dao.CarDaoJdbcImplTest].
18:12:58.096 [main] DEBUG o.s.t.c.t.TransactionalTestExecutionListener - No method-level @Rollback override: using default rollback [true] for test context [DefaultTestContext@11df2829 testClass = CarDaoJdbcImplTest, testInstance = com.epam.brest.summer.courses2019.dao.CarDaoJdbcImplTest@3c28e5b6, testMethod = updateCar@CarDaoJdbcImplTest, testException = [null], mergedContextConfiguration = [MergedContextConfiguration@18e4674d testClass = CarDaoJdbcImplTest, locations = '{classpath*:test-db.xml, classpath*:test-dao.xml}', classes = '{}', contextInitializerClasses = '[]', activeProfiles = '{}', propertySourceLocations = '{}', propertySourceProperties = '{}', contextCustomizers = set[[empty]], contextLoader = 'org.springframework.test.context.support.DelegatingSmartContextLoader', parent = [null]], attributes = map[[empty]]].
18:12:58.098 [main] DEBUG o.s.j.d.DataSourceTransactionManager - Creating new transaction with name [com.epam.brest.summer.courses2019.dao.CarDaoJdbcImplTest.updateCar]: PROPAGATION_REQUIRED,ISOLATION_DEFAULT
18:12:58.098 [main] DEBUG o.s.j.d.DriverManagerDataSource - Creating new JDBC DriverManager Connection to [jdbc:h2:mem:test_db;MODE=MYSQL;DB_CLOSE_DELAY=-1]
18:12:58.099 [main] DEBUG o.s.j.d.DataSourceTransactionManager - Acquired Connection [conn1: url=jdbc:h2:mem:test_db user=SA] for JDBC transaction
18:12:58.101 [main] DEBUG o.s.j.d.DataSourceTransactionManager - Switching JDBC Connection [conn1: url=jdbc:h2:mem:test_db user=SA] to manual commit
18:12:58.101 [main] INFO  o.s.t.c.t.TransactionContext - Began transaction (1) for test context [DefaultTestContext@11df2829 testClass = CarDaoJdbcImplTest, testInstance = com.epam.brest.summer.courses2019.dao.CarDaoJdbcImplTest@3c28e5b6, testMethod = updateCar@CarDaoJdbcImplTest, testException = [null], mergedContextConfiguration = [MergedContextConfiguration@18e4674d testClass = CarDaoJdbcImplTest, locations = '{classpath*:test-db.xml, classpath*:test-dao.xml}', classes = '{}', contextInitializerClasses = '[]', activeProfiles = '{}', propertySourceLocations = '{}', propertySourceProperties = '{}', contextCustomizers = set[[empty]], contextLoader = 'org.springframework.test.context.support.DelegatingSmartContextLoader', parent = [null]], attributes = map[[empty]]]; transaction manager [org.springframework.jdbc.datasource.DataSourceTransactionManager@2fc6e673]; rollback [true]
18:12:58.109 [main] DEBUG o.s.j.d.DataSourceTransactionManager - Initiating transaction rollback
18:12:58.109 [main] DEBUG o.s.j.d.DataSourceTransactionManager - Rolling back JDBC transaction on Connection [conn1: url=jdbc:h2:mem:test_db user=SA]
18:12:58.115 [main] DEBUG o.s.j.d.DataSourceTransactionManager - Releasing JDBC Connection [conn1: url=jdbc:h2:mem:test_db user=SA] after transaction
18:12:58.115 [main] INFO  o.s.t.c.t.TransactionContext - Rolled back transaction for test: [DefaultTestContext@11df2829 testClass = CarDaoJdbcImplTest, testInstance = com.epam.brest.summer.courses2019.dao.CarDaoJdbcImplTest@3c28e5b6, testMethod = updateCar@CarDaoJdbcImplTest, testException = org.springframework.dao.InvalidDataAccessApiUsageException: No value supplied for the SQL parameter 'carId': No value registered for key 'carId', mergedContextConfiguration = [MergedContextConfiguration@18e4674d testClass = CarDaoJdbcImplTest, locations = '{classpath*:test-db.xml, classpath*:test-dao.xml}', classes = '{}', contextInitializerClasses = '[]', activeProfiles = '{}', propertySourceLocations = '{}', propertySourceProperties = '{}', contextCustomizers = set[[empty]], contextLoader = 'org.springframework.test.context.support.DelegatingSmartContextLoader', parent = [null]], attributes = map[[empty]]]
18:12:58.116 [main] DEBUG o.s.t.c.s.AbstractDirtiesContextTestExecutionListener - After test method: context [DefaultTestContext@11df2829 testClass = CarDaoJdbcImplTest, testInstance = com.epam.brest.summer.courses2019.dao.CarDaoJdbcImplTest@3c28e5b6, testMethod = updateCar@CarDaoJdbcImplTest, testException = org.springframework.dao.InvalidDataAccessApiUsageException: No value supplied for the SQL parameter 'carId': No value registered for key 'carId', mergedContextConfiguration = [MergedContextConfiguration@18e4674d testClass = CarDaoJdbcImplTest, locations = '{classpath*:test-db.xml, classpath*:test-dao.xml}', classes = '{}', contextInitializerClasses = '[]', activeProfiles = '{}', propertySourceLocations = '{}', propertySourceProperties = '{}', contextCustomizers = set[[empty]], contextLoader = 'org.springframework.test.context.support.DelegatingSmartContextLoader', parent = [null]], attributes = map[[empty]]], class annotated with @DirtiesContext [false] with mode [null], method annotated with @DirtiesContext [false] with mode [null].
]]></system-out>
  </testcase>
  <testcase name="addCar" classname="com.epam.brest.summer.courses2019.dao.CarDaoJdbcImplTest" time="0.006">
    <error message="No value supplied for the SQL parameter &apos;carId&apos;: No value registered for key &apos;carId&apos;" type="org.springframework.dao.InvalidDataAccessApiUsageException">org.springframework.dao.InvalidDataAccessApiUsageException: No value supplied for the SQL parameter 'carId': No value registered for key 'carId'
	at com.epam.brest.summer.courses2019.dao.CarDaoJdbcImplTest.addCar(CarDaoJdbcImplTest.java:60)
</error>
    <system-out><![CDATA[18:12:58.127 [main] DEBUG o.s.t.a.ProfileValueUtils - Retrieved @ProfileValueSourceConfiguration [null] for test class [com.epam.brest.summer.courses2019.dao.CarDaoJdbcImplTest]
18:12:58.127 [main] DEBUG o.s.t.a.ProfileValueUtils - Retrieved ProfileValueSource type [class org.springframework.test.annotation.SystemProfileValueSource] for class [com.epam.brest.summer.courses2019.dao.CarDaoJdbcImplTest]
18:12:58.127 [main] DEBUG o.s.t.c.s.DependencyInjectionTestExecutionListener - Performing dependency injection for test context [[DefaultTestContext@11df2829 testClass = CarDaoJdbcImplTest, testInstance = com.epam.brest.summer.courses2019.dao.CarDaoJdbcImplTest@7c1ae95, testMethod = [null], testException = [null], mergedContextConfiguration = [MergedContextConfiguration@18e4674d testClass = CarDaoJdbcImplTest, locations = '{classpath*:test-db.xml, classpath*:test-dao.xml}', classes = '{}', contextInitializerClasses = '[]', activeProfiles = '{}', propertySourceLocations = '{}', propertySourceProperties = '{}', contextCustomizers = set[[empty]], contextLoader = 'org.springframework.test.context.support.DelegatingSmartContextLoader', parent = [null]], attributes = map[[empty]]]].
18:12:58.128 [main] DEBUG o.s.t.c.c.DefaultCacheAwareContextLoaderDelegate - Retrieved ApplicationContext from cache with key [[MergedContextConfiguration@18e4674d testClass = CarDaoJdbcImplTest, locations = '{classpath*:test-db.xml, classpath*:test-dao.xml}', classes = '{}', contextInitializerClasses = '[]', activeProfiles = '{}', propertySourceLocations = '{}', propertySourceProperties = '{}', contextCustomizers = set[[empty]], contextLoader = 'org.springframework.test.context.support.DelegatingSmartContextLoader', parent = [null]]]
18:12:58.128 [main] DEBUG o.s.t.c.cache - Spring test ApplicationContext cache statistics: [DefaultContextCache@290def7d size = 1, maxSize = 32, parentContextCount = 0, hitCount = 2, missCount = 1]
18:12:58.128 [main] DEBUG o.s.t.c.s.AbstractDirtiesContextTestExecutionListener - Before test method: context [DefaultTestContext@11df2829 testClass = CarDaoJdbcImplTest, testInstance = com.epam.brest.summer.courses2019.dao.CarDaoJdbcImplTest@7c1ae95, testMethod = addCar@CarDaoJdbcImplTest, testException = [null], mergedContextConfiguration = [MergedContextConfiguration@18e4674d testClass = CarDaoJdbcImplTest, locations = '{classpath*:test-db.xml, classpath*:test-dao.xml}', classes = '{}', contextInitializerClasses = '[]', activeProfiles = '{}', propertySourceLocations = '{}', propertySourceProperties = '{}', contextCustomizers = set[[empty]], contextLoader = 'org.springframework.test.context.support.DelegatingSmartContextLoader', parent = [null]], attributes = map[[empty]]], class annotated with @DirtiesContext [false] with mode [null], method annotated with @DirtiesContext [false] with mode [null].
18:12:58.129 [main] DEBUG o.s.t.c.t.TransactionalTestExecutionListener - Explicit transaction definition [PROPAGATION_REQUIRED,ISOLATION_DEFAULT] found for test context [DefaultTestContext@11df2829 testClass = CarDaoJdbcImplTest, testInstance = com.epam.brest.summer.courses2019.dao.CarDaoJdbcImplTest@7c1ae95, testMethod = addCar@CarDaoJdbcImplTest, testException = [null], mergedContextConfiguration = [MergedContextConfiguration@18e4674d testClass = CarDaoJdbcImplTest, locations = '{classpath*:test-db.xml, classpath*:test-dao.xml}', classes = '{}', contextInitializerClasses = '[]', activeProfiles = '{}', propertySourceLocations = '{}', propertySourceProperties = '{}', contextCustomizers = set[[empty]], contextLoader = 'org.springframework.test.context.support.DelegatingSmartContextLoader', parent = [null]], attributes = map[[empty]]]
18:12:58.129 [main] DEBUG o.s.t.c.c.DefaultCacheAwareContextLoaderDelegate - Retrieved ApplicationContext from cache with key [[MergedContextConfiguration@18e4674d testClass = CarDaoJdbcImplTest, locations = '{classpath*:test-db.xml, classpath*:test-dao.xml}', classes = '{}', contextInitializerClasses = '[]', activeProfiles = '{}', propertySourceLocations = '{}', propertySourceProperties = '{}', contextCustomizers = set[[empty]], contextLoader = 'org.springframework.test.context.support.DelegatingSmartContextLoader', parent = [null]]]
18:12:58.129 [main] DEBUG o.s.t.c.cache - Spring test ApplicationContext cache statistics: [DefaultContextCache@290def7d size = 1, maxSize = 32, parentContextCount = 0, hitCount = 3, missCount = 1]
18:12:58.129 [main] DEBUG o.s.t.c.t.TransactionalTestExecutionListener - Retrieved default @Rollback(true) for test class [com.epam.brest.summer.courses2019.dao.CarDaoJdbcImplTest].
18:12:58.129 [main] DEBUG o.s.t.c.t.TransactionalTestExecutionListener - No method-level @Rollback override: using default rollback [true] for test context [DefaultTestContext@11df2829 testClass = CarDaoJdbcImplTest, testInstance = com.epam.brest.summer.courses2019.dao.CarDaoJdbcImplTest@7c1ae95, testMethod = addCar@CarDaoJdbcImplTest, testException = [null], mergedContextConfiguration = [MergedContextConfiguration@18e4674d testClass = CarDaoJdbcImplTest, locations = '{classpath*:test-db.xml, classpath*:test-dao.xml}', classes = '{}', contextInitializerClasses = '[]', activeProfiles = '{}', propertySourceLocations = '{}', propertySourceProperties = '{}', contextCustomizers = set[[empty]], contextLoader = 'org.springframework.test.context.support.DelegatingSmartContextLoader', parent = [null]], attributes = map[[empty]]].
18:12:58.130 [main] DEBUG o.s.j.d.DataSourceTransactionManager - Creating new transaction with name [com.epam.brest.summer.courses2019.dao.CarDaoJdbcImplTest.addCar]: PROPAGATION_REQUIRED,ISOLATION_DEFAULT
18:12:58.130 [main] DEBUG o.s.j.d.DriverManagerDataSource - Creating new JDBC DriverManager Connection to [jdbc:h2:mem:test_db;MODE=MYSQL;DB_CLOSE_DELAY=-1]
18:12:58.131 [main] DEBUG o.s.j.d.DataSourceTransactionManager - Acquired Connection [conn2: url=jdbc:h2:mem:test_db user=SA] for JDBC transaction
18:12:58.131 [main] DEBUG o.s.j.d.DataSourceTransactionManager - Switching JDBC Connection [conn2: url=jdbc:h2:mem:test_db user=SA] to manual commit
18:12:58.131 [main] INFO  o.s.t.c.t.TransactionContext - Began transaction (1) for test context [DefaultTestContext@11df2829 testClass = CarDaoJdbcImplTest, testInstance = com.epam.brest.summer.courses2019.dao.CarDaoJdbcImplTest@7c1ae95, testMethod = addCar@CarDaoJdbcImplTest, testException = [null], mergedContextConfiguration = [MergedContextConfiguration@18e4674d testClass = CarDaoJdbcImplTest, locations = '{classpath*:test-db.xml, classpath*:test-dao.xml}', classes = '{}', contextInitializerClasses = '[]', activeProfiles = '{}', propertySourceLocations = '{}', propertySourceProperties = '{}', contextCustomizers = set[[empty]], contextLoader = 'org.springframework.test.context.support.DelegatingSmartContextLoader', parent = [null]], attributes = map[[empty]]]; transaction manager [org.springframework.jdbc.datasource.DataSourceTransactionManager@2fc6e673]; rollback [true]
18:12:58.132 [main] DEBUG o.s.j.d.DataSourceTransactionManager - Initiating transaction rollback
18:12:58.132 [main] DEBUG o.s.j.d.DataSourceTransactionManager - Rolling back JDBC transaction on Connection [conn2: url=jdbc:h2:mem:test_db user=SA]
18:12:58.132 [main] DEBUG o.s.j.d.DataSourceTransactionManager - Releasing JDBC Connection [conn2: url=jdbc:h2:mem:test_db user=SA] after transaction
18:12:58.132 [main] INFO  o.s.t.c.t.TransactionContext - Rolled back transaction for test: [DefaultTestContext@11df2829 testClass = CarDaoJdbcImplTest, testInstance = com.epam.brest.summer.courses2019.dao.CarDaoJdbcImplTest@7c1ae95, testMethod = addCar@CarDaoJdbcImplTest, testException = org.springframework.dao.InvalidDataAccessApiUsageException: No value supplied for the SQL parameter 'carId': No value registered for key 'carId', mergedContextConfiguration = [MergedContextConfiguration@18e4674d testClass = CarDaoJdbcImplTest, locations = '{classpath*:test-db.xml, classpath*:test-dao.xml}', classes = '{}', contextInitializerClasses = '[]', activeProfiles = '{}', propertySourceLocations = '{}', propertySourceProperties = '{}', contextCustomizers = set[[empty]], contextLoader = 'org.springframework.test.context.support.DelegatingSmartContextLoader', parent = [null]], attributes = map[[empty]]]
18:12:58.133 [main] DEBUG o.s.t.c.s.AbstractDirtiesContextTestExecutionListener - After test method: context [DefaultTestContext@11df2829 testClass = CarDaoJdbcImplTest, testInstance = com.epam.brest.summer.courses2019.dao.CarDaoJdbcImplTest@7c1ae95, testMethod = addCar@CarDaoJdbcImplTest, testException = org.springframework.dao.InvalidDataAccessApiUsageException: No value supplied for the SQL parameter 'carId': No value registered for key 'carId', mergedContextConfiguration = [MergedContextConfiguration@18e4674d testClass = CarDaoJdbcImplTest, locations = '{classpath*:test-db.xml, classpath*:test-dao.xml}', classes = '{}', contextInitializerClasses = '[]', activeProfiles = '{}', propertySourceLocations = '{}', propertySourceProperties = '{}', contextCustomizers = set[[empty]], contextLoader = 'org.springframework.test.context.support.DelegatingSmartContextLoader', parent = [null]], attributes = map[[empty]]], class annotated with @DirtiesContext [false] with mode [null], method annotated with @DirtiesContext [false] with mode [null].
]]></system-out>
  </testcase>
  <testcase name="findAll" classname="com.epam.brest.summer.courses2019.dao.CarDaoJdbcImplTest" time="0.026"/>
  <testcase name="deleteCar" classname="com.epam.brest.summer.courses2019.dao.CarDaoJdbcImplTest" time="0.006">
    <error message="No value supplied for the SQL parameter &apos;carId&apos;: No value registered for key &apos;carId&apos;" type="org.springframework.dao.InvalidDataAccessApiUsageException">org.springframework.dao.InvalidDataAccessApiUsageException: No value supplied for the SQL parameter 'carId': No value registered for key 'carId'
	at com.epam.brest.summer.courses2019.dao.CarDaoJdbcImplTest.deleteCar(CarDaoJdbcImplTest.java:79)
</error>
    <system-out><![CDATA[18:12:58.161 [main] DEBUG o.s.t.a.ProfileValueUtils - Retrieved @ProfileValueSourceConfiguration [null] for test class [com.epam.brest.summer.courses2019.dao.CarDaoJdbcImplTest]
18:12:58.161 [main] DEBUG o.s.t.a.ProfileValueUtils - Retrieved ProfileValueSource type [class org.springframework.test.annotation.SystemProfileValueSource] for class [com.epam.brest.summer.courses2019.dao.CarDaoJdbcImplTest]
18:12:58.161 [main] DEBUG o.s.t.c.s.DependencyInjectionTestExecutionListener - Performing dependency injection for test context [[DefaultTestContext@11df2829 testClass = CarDaoJdbcImplTest, testInstance = com.epam.brest.summer.courses2019.dao.CarDaoJdbcImplTest@7933293f, testMethod = [null], testException = [null], mergedContextConfiguration = [MergedContextConfiguration@18e4674d testClass = CarDaoJdbcImplTest, locations = '{classpath*:test-db.xml, classpath*:test-dao.xml}', classes = '{}', contextInitializerClasses = '[]', activeProfiles = '{}', propertySourceLocations = '{}', propertySourceProperties = '{}', contextCustomizers = set[[empty]], contextLoader = 'org.springframework.test.context.support.DelegatingSmartContextLoader', parent = [null]], attributes = map[[empty]]]].
18:12:58.161 [main] DEBUG o.s.t.c.c.DefaultCacheAwareContextLoaderDelegate - Retrieved ApplicationContext from cache with key [[MergedContextConfiguration@18e4674d testClass = CarDaoJdbcImplTest, locations = '{classpath*:test-db.xml, classpath*:test-dao.xml}', classes = '{}', contextInitializerClasses = '[]', activeProfiles = '{}', propertySourceLocations = '{}', propertySourceProperties = '{}', contextCustomizers = set[[empty]], contextLoader = 'org.springframework.test.context.support.DelegatingSmartContextLoader', parent = [null]]]
18:12:58.161 [main] DEBUG o.s.t.c.cache - Spring test ApplicationContext cache statistics: [DefaultContextCache@290def7d size = 1, maxSize = 32, parentContextCount = 0, hitCount = 6, missCount = 1]
18:12:58.162 [main] DEBUG o.s.t.c.s.AbstractDirtiesContextTestExecutionListener - Before test method: context [DefaultTestContext@11df2829 testClass = CarDaoJdbcImplTest, testInstance = com.epam.brest.summer.courses2019.dao.CarDaoJdbcImplTest@7933293f, testMethod = deleteCar@CarDaoJdbcImplTest, testException = [null], mergedContextConfiguration = [MergedContextConfiguration@18e4674d testClass = CarDaoJdbcImplTest, locations = '{classpath*:test-db.xml, classpath*:test-dao.xml}', classes = '{}', contextInitializerClasses = '[]', activeProfiles = '{}', propertySourceLocations = '{}', propertySourceProperties = '{}', contextCustomizers = set[[empty]], contextLoader = 'org.springframework.test.context.support.DelegatingSmartContextLoader', parent = [null]], attributes = map[[empty]]], class annotated with @DirtiesContext [false] with mode [null], method annotated with @DirtiesContext [false] with mode [null].
18:12:58.162 [main] DEBUG o.s.t.c.t.TransactionalTestExecutionListener - Explicit transaction definition [PROPAGATION_REQUIRED,ISOLATION_DEFAULT] found for test context [DefaultTestContext@11df2829 testClass = CarDaoJdbcImplTest, testInstance = com.epam.brest.summer.courses2019.dao.CarDaoJdbcImplTest@7933293f, testMethod = deleteCar@CarDaoJdbcImplTest, testException = [null], mergedContextConfiguration = [MergedContextConfiguration@18e4674d testClass = CarDaoJdbcImplTest, locations = '{classpath*:test-db.xml, classpath*:test-dao.xml}', classes = '{}', contextInitializerClasses = '[]', activeProfiles = '{}', propertySourceLocations = '{}', propertySourceProperties = '{}', contextCustomizers = set[[empty]], contextLoader = 'org.springframework.test.context.support.DelegatingSmartContextLoader', parent = [null]], attributes = map[[empty]]]
18:12:58.163 [main] DEBUG o.s.t.c.c.DefaultCacheAwareContextLoaderDelegate - Retrieved ApplicationContext from cache with key [[MergedContextConfiguration@18e4674d testClass = CarDaoJdbcImplTest, locations = '{classpath*:test-db.xml, classpath*:test-dao.xml}', classes = '{}', contextInitializerClasses = '[]', activeProfiles = '{}', propertySourceLocations = '{}', propertySourceProperties = '{}', contextCustomizers = set[[empty]], contextLoader = 'org.springframework.test.context.support.DelegatingSmartContextLoader', parent = [null]]]
18:12:58.163 [main] DEBUG o.s.t.c.cache - Spring test ApplicationContext cache statistics: [DefaultContextCache@290def7d size = 1, maxSize = 32, parentContextCount = 0, hitCount = 7, missCount = 1]
18:12:58.163 [main] DEBUG o.s.t.c.t.TransactionalTestExecutionListener - Retrieved default @Rollback(true) for test class [com.epam.brest.summer.courses2019.dao.CarDaoJdbcImplTest].
18:12:58.163 [main] DEBUG o.s.t.c.t.TransactionalTestExecutionListener - No method-level @Rollback override: using default rollback [true] for test context [DefaultTestContext@11df2829 testClass = CarDaoJdbcImplTest, testInstance = com.epam.brest.summer.courses2019.dao.CarDaoJdbcImplTest@7933293f, testMethod = deleteCar@CarDaoJdbcImplTest, testException = [null], mergedContextConfiguration = [MergedContextConfiguration@18e4674d testClass = CarDaoJdbcImplTest, locations = '{classpath*:test-db.xml, classpath*:test-dao.xml}', classes = '{}', contextInitializerClasses = '[]', activeProfiles = '{}', propertySourceLocations = '{}', propertySourceProperties = '{}', contextCustomizers = set[[empty]], contextLoader = 'org.springframework.test.context.support.DelegatingSmartContextLoader', parent = [null]], attributes = map[[empty]]].
18:12:58.164 [main] DEBUG o.s.j.d.DataSourceTransactionManager - Creating new transaction with name [com.epam.brest.summer.courses2019.dao.CarDaoJdbcImplTest.deleteCar]: PROPAGATION_REQUIRED,ISOLATION_DEFAULT
18:12:58.164 [main] DEBUG o.s.j.d.DriverManagerDataSource - Creating new JDBC DriverManager Connection to [jdbc:h2:mem:test_db;MODE=MYSQL;DB_CLOSE_DELAY=-1]
18:12:58.165 [main] DEBUG o.s.j.d.DataSourceTransactionManager - Acquired Connection [conn4: url=jdbc:h2:mem:test_db user=SA] for JDBC transaction
18:12:58.165 [main] DEBUG o.s.j.d.DataSourceTransactionManager - Switching JDBC Connection [conn4: url=jdbc:h2:mem:test_db user=SA] to manual commit
18:12:58.165 [main] INFO  o.s.t.c.t.TransactionContext - Began transaction (1) for test context [DefaultTestContext@11df2829 testClass = CarDaoJdbcImplTest, testInstance = com.epam.brest.summer.courses2019.dao.CarDaoJdbcImplTest@7933293f, testMethod = deleteCar@CarDaoJdbcImplTest, testException = [null], mergedContextConfiguration = [MergedContextConfiguration@18e4674d testClass = CarDaoJdbcImplTest, locations = '{classpath*:test-db.xml, classpath*:test-dao.xml}', classes = '{}', contextInitializerClasses = '[]', activeProfiles = '{}', propertySourceLocations = '{}', propertySourceProperties = '{}', contextCustomizers = set[[empty]], contextLoader = 'org.springframework.test.context.support.DelegatingSmartContextLoader', parent = [null]], attributes = map[[empty]]]; transaction manager [org.springframework.jdbc.datasource.DataSourceTransactionManager@2fc6e673]; rollback [true]
18:12:58.166 [main] DEBUG o.s.j.d.DataSourceTransactionManager - Initiating transaction rollback
18:12:58.166 [main] DEBUG o.s.j.d.DataSourceTransactionManager - Rolling back JDBC transaction on Connection [conn4: url=jdbc:h2:mem:test_db user=SA]
18:12:58.166 [main] DEBUG o.s.j.d.DataSourceTransactionManager - Releasing JDBC Connection [conn4: url=jdbc:h2:mem:test_db user=SA] after transaction
18:12:58.166 [main] INFO  o.s.t.c.t.TransactionContext - Rolled back transaction for test: [DefaultTestContext@11df2829 testClass = CarDaoJdbcImplTest, testInstance = com.epam.brest.summer.courses2019.dao.CarDaoJdbcImplTest@7933293f, testMethod = deleteCar@CarDaoJdbcImplTest, testException = org.springframework.dao.InvalidDataAccessApiUsageException: No value supplied for the SQL parameter 'carId': No value registered for key 'carId', mergedContextConfiguration = [MergedContextConfiguration@18e4674d testClass = CarDaoJdbcImplTest, locations = '{classpath*:test-db.xml, classpath*:test-dao.xml}', classes = '{}', contextInitializerClasses = '[]', activeProfiles = '{}', propertySourceLocations = '{}', propertySourceProperties = '{}', contextCustomizers = set[[empty]], contextLoader = 'org.springframework.test.context.support.DelegatingSmartContextLoader', parent = [null]], attributes = map[[empty]]]
18:12:58.167 [main] DEBUG o.s.t.c.s.AbstractDirtiesContextTestExecutionListener - After test method: context [DefaultTestContext@11df2829 testClass = CarDaoJdbcImplTest, testInstance = com.epam.brest.summer.courses2019.dao.CarDaoJdbcImplTest@7933293f, testMethod = deleteCar@CarDaoJdbcImplTest, testException = org.springframework.dao.InvalidDataAccessApiUsageException: No value supplied for the SQL parameter 'carId': No value registered for key 'carId', mergedContextConfiguration = [MergedContextConfiguration@18e4674d testClass = CarDaoJdbcImplTest, locations = '{classpath*:test-db.xml, classpath*:test-dao.xml}', classes = '{}', contextInitializerClasses = '[]', activeProfiles = '{}', propertySourceLocations = '{}', propertySourceProperties = '{}', contextCustomizers = set[[empty]], contextLoader = 'org.springframework.test.context.support.DelegatingSmartContextLoader', parent = [null]], attributes = map[[empty]]], class annotated with @DirtiesContext [false] with mode [null], method annotated with @DirtiesContext [false] with mode [null].
]]></system-out>
  </testcase>
  <testcase name="findAllWithRequestedGearbox" classname="com.epam.brest.summer.courses2019.dao.CarDaoJdbcImplTest" time="0.028">
    <error message="No value supplied for the SQL parameter &apos;carGearbox&apos;: This SqlParameterSource is empty" type="org.springframework.dao.InvalidDataAccessApiUsageException">org.springframework.dao.InvalidDataAccessApiUsageException: No value supplied for the SQL parameter 'carGearbox': This SqlParameterSource is empty
	at com.epam.brest.summer.courses2019.dao.CarDaoJdbcImplTest.findAllWithRequestedGearbox(CarDaoJdbcImplTest.java:42)
</error>
    <system-out><![CDATA[18:12:58.168 [main] DEBUG o.s.t.a.ProfileValueUtils - Retrieved @ProfileValueSourceConfiguration [null] for test class [com.epam.brest.summer.courses2019.dao.CarDaoJdbcImplTest]
18:12:58.168 [main] DEBUG o.s.t.a.ProfileValueUtils - Retrieved ProfileValueSource type [class org.springframework.test.annotation.SystemProfileValueSource] for class [com.epam.brest.summer.courses2019.dao.CarDaoJdbcImplTest]
18:12:58.169 [main] DEBUG o.s.t.c.s.DependencyInjectionTestExecutionListener - Performing dependency injection for test context [[DefaultTestContext@11df2829 testClass = CarDaoJdbcImplTest, testInstance = com.epam.brest.summer.courses2019.dao.CarDaoJdbcImplTest@6f102740, testMethod = [null], testException = [null], mergedContextConfiguration = [MergedContextConfiguration@18e4674d testClass = CarDaoJdbcImplTest, locations = '{classpath*:test-db.xml, classpath*:test-dao.xml}', classes = '{}', contextInitializerClasses = '[]', activeProfiles = '{}', propertySourceLocations = '{}', propertySourceProperties = '{}', contextCustomizers = set[[empty]], contextLoader = 'org.springframework.test.context.support.DelegatingSmartContextLoader', parent = [null]], attributes = map[[empty]]]].
18:12:58.169 [main] DEBUG o.s.t.c.c.DefaultCacheAwareContextLoaderDelegate - Retrieved ApplicationContext from cache with key [[MergedContextConfiguration@18e4674d testClass = CarDaoJdbcImplTest, locations = '{classpath*:test-db.xml, classpath*:test-dao.xml}', classes = '{}', contextInitializerClasses = '[]', activeProfiles = '{}', propertySourceLocations = '{}', propertySourceProperties = '{}', contextCustomizers = set[[empty]], contextLoader = 'org.springframework.test.context.support.DelegatingSmartContextLoader', parent = [null]]]
18:12:58.169 [main] DEBUG o.s.t.c.cache - Spring test ApplicationContext cache statistics: [DefaultContextCache@290def7d size = 1, maxSize = 32, parentContextCount = 0, hitCount = 8, missCount = 1]
18:12:58.170 [main] DEBUG o.s.t.c.s.AbstractDirtiesContextTestExecutionListener - Before test method: context [DefaultTestContext@11df2829 testClass = CarDaoJdbcImplTest, testInstance = com.epam.brest.summer.courses2019.dao.CarDaoJdbcImplTest@6f102740, testMethod = findAllWithRequestedGearbox@CarDaoJdbcImplTest, testException = [null], mergedContextConfiguration = [MergedContextConfiguration@18e4674d testClass = CarDaoJdbcImplTest, locations = '{classpath*:test-db.xml, classpath*:test-dao.xml}', classes = '{}', contextInitializerClasses = '[]', activeProfiles = '{}', propertySourceLocations = '{}', propertySourceProperties = '{}', contextCustomizers = set[[empty]], contextLoader = 'org.springframework.test.context.support.DelegatingSmartContextLoader', parent = [null]], attributes = map[[empty]]], class annotated with @DirtiesContext [false] with mode [null], method annotated with @DirtiesContext [false] with mode [null].
18:12:58.170 [main] DEBUG o.s.t.c.t.TransactionalTestExecutionListener - Explicit transaction definition [PROPAGATION_REQUIRED,ISOLATION_DEFAULT] found for test context [DefaultTestContext@11df2829 testClass = CarDaoJdbcImplTest, testInstance = com.epam.brest.summer.courses2019.dao.CarDaoJdbcImplTest@6f102740, testMethod = findAllWithRequestedGearbox@CarDaoJdbcImplTest, testException = [null], mergedContextConfiguration = [MergedContextConfiguration@18e4674d testClass = CarDaoJdbcImplTest, locations = '{classpath*:test-db.xml, classpath*:test-dao.xml}', classes = '{}', contextInitializerClasses = '[]', activeProfiles = '{}', propertySourceLocations = '{}', propertySourceProperties = '{}', contextCustomizers = set[[empty]], contextLoader = 'org.springframework.test.context.support.DelegatingSmartContextLoader', parent = [null]], attributes = map[[empty]]]
18:12:58.170 [main] DEBUG o.s.t.c.c.DefaultCacheAwareContextLoaderDelegate - Retrieved ApplicationContext from cache with key [[MergedContextConfiguration@18e4674d testClass = CarDaoJdbcImplTest, locations = '{classpath*:test-db.xml, classpath*:test-dao.xml}', classes = '{}', contextInitializerClasses = '[]', activeProfiles = '{}', propertySourceLocations = '{}', propertySourceProperties = '{}', contextCustomizers = set[[empty]], contextLoader = 'org.springframework.test.context.support.DelegatingSmartContextLoader', parent = [null]]]
18:12:58.171 [main] DEBUG o.s.t.c.cache - Spring test ApplicationContext cache statistics: [DefaultContextCache@290def7d size = 1, maxSize = 32, parentContextCount = 0, hitCount = 9, missCount = 1]
18:12:58.171 [main] DEBUG o.s.t.c.t.TransactionalTestExecutionListener - Retrieved default @Rollback(true) for test class [com.epam.brest.summer.courses2019.dao.CarDaoJdbcImplTest].
18:12:58.171 [main] DEBUG o.s.t.c.t.TransactionalTestExecutionListener - No method-level @Rollback override: using default rollback [true] for test context [DefaultTestContext@11df2829 testClass = CarDaoJdbcImplTest, testInstance = com.epam.brest.summer.courses2019.dao.CarDaoJdbcImplTest@6f102740, testMethod = findAllWithRequestedGearbox@CarDaoJdbcImplTest, testException = [null], mergedContextConfiguration = [MergedContextConfiguration@18e4674d testClass = CarDaoJdbcImplTest, locations = '{classpath*:test-db.xml, classpath*:test-dao.xml}', classes = '{}', contextInitializerClasses = '[]', activeProfiles = '{}', propertySourceLocations = '{}', propertySourceProperties = '{}', contextCustomizers = set[[empty]], contextLoader = 'org.springframework.test.context.support.DelegatingSmartContextLoader', parent = [null]], attributes = map[[empty]]].
18:12:58.171 [main] DEBUG o.s.j.d.DataSourceTransactionManager - Creating new transaction with name [com.epam.brest.summer.courses2019.dao.CarDaoJdbcImplTest.findAllWithRequestedGearbox]: PROPAGATION_REQUIRED,ISOLATION_DEFAULT
18:12:58.171 [main] DEBUG o.s.j.d.DriverManagerDataSource - Creating new JDBC DriverManager Connection to [jdbc:h2:mem:test_db;MODE=MYSQL;DB_CLOSE_DELAY=-1]
18:12:58.172 [main] DEBUG o.s.j.d.DataSourceTransactionManager - Acquired Connection [conn5: url=jdbc:h2:mem:test_db user=SA] for JDBC transaction
18:12:58.172 [main] DEBUG o.s.j.d.DataSourceTransactionManager - Switching JDBC Connection [conn5: url=jdbc:h2:mem:test_db user=SA] to manual commit
18:12:58.172 [main] INFO  o.s.t.c.t.TransactionContext - Began transaction (1) for test context [DefaultTestContext@11df2829 testClass = CarDaoJdbcImplTest, testInstance = com.epam.brest.summer.courses2019.dao.CarDaoJdbcImplTest@6f102740, testMethod = findAllWithRequestedGearbox@CarDaoJdbcImplTest, testException = [null], mergedContextConfiguration = [MergedContextConfiguration@18e4674d testClass = CarDaoJdbcImplTest, locations = '{classpath*:test-db.xml, classpath*:test-dao.xml}', classes = '{}', contextInitializerClasses = '[]', activeProfiles = '{}', propertySourceLocations = '{}', propertySourceProperties = '{}', contextCustomizers = set[[empty]], contextLoader = 'org.springframework.test.context.support.DelegatingSmartContextLoader', parent = [null]], attributes = map[[empty]]]; transaction manager [org.springframework.jdbc.datasource.DataSourceTransactionManager@2fc6e673]; rollback [true]
18:12:58.196 [main] DEBUG o.s.j.d.DataSourceTransactionManager - Initiating transaction rollback
18:12:58.197 [main] DEBUG o.s.j.d.DataSourceTransactionManager - Rolling back JDBC transaction on Connection [conn5: url=jdbc:h2:mem:test_db user=SA]
18:12:58.197 [main] DEBUG o.s.j.d.DataSourceTransactionManager - Releasing JDBC Connection [conn5: url=jdbc:h2:mem:test_db user=SA] after transaction
18:12:58.197 [main] INFO  o.s.t.c.t.TransactionContext - Rolled back transaction for test: [DefaultTestContext@11df2829 testClass = CarDaoJdbcImplTest, testInstance = com.epam.brest.summer.courses2019.dao.CarDaoJdbcImplTest@6f102740, testMethod = findAllWithRequestedGearbox@CarDaoJdbcImplTest, testException = org.springframework.dao.InvalidDataAccessApiUsageException: No value supplied for the SQL parameter 'carGearbox': This SqlParameterSource is empty, mergedContextConfiguration = [MergedContextConfiguration@18e4674d testClass = CarDaoJdbcImplTest, locations = '{classpath*:test-db.xml, classpath*:test-dao.xml}', classes = '{}', contextInitializerClasses = '[]', activeProfiles = '{}', propertySourceLocations = '{}', propertySourceProperties = '{}', contextCustomizers = set[[empty]], contextLoader = 'org.springframework.test.context.support.DelegatingSmartContextLoader', parent = [null]], attributes = map[[empty]]]
18:12:58.198 [main] DEBUG o.s.t.c.s.AbstractDirtiesContextTestExecutionListener - After test method: context [DefaultTestContext@11df2829 testClass = CarDaoJdbcImplTest, testInstance = com.epam.brest.summer.courses2019.dao.CarDaoJdbcImplTest@6f102740, testMethod = findAllWithRequestedGearbox@CarDaoJdbcImplTest, testException = org.springframework.dao.InvalidDataAccessApiUsageException: No value supplied for the SQL parameter 'carGearbox': This SqlParameterSource is empty, mergedContextConfiguration = [MergedContextConfiguration@18e4674d testClass = CarDaoJdbcImplTest, locations = '{classpath*:test-db.xml, classpath*:test-dao.xml}', classes = '{}', contextInitializerClasses = '[]', activeProfiles = '{}', propertySourceLocations = '{}', propertySourceProperties = '{}', contextCustomizers = set[[empty]], contextLoader = 'org.springframework.test.context.support.DelegatingSmartContextLoader', parent = [null]], attributes = map[[empty]]], class annotated with @DirtiesContext [false] with mode [null], method annotated with @DirtiesContext [false] with mode [null].
]]></system-out>
  </testcase>
  <testcase name="getCarById" classname="com.epam.brest.summer.courses2019.dao.CarDaoJdbcImplTest" time="0.013"/>
</testsuite>